TN:
SF:src\App.jsx
FN:42,App
FN:60,(anonymous_1)
FNF:2
FNH:0
FNDA:0,App
FNDA:0,(anonymous_1)
DA:43,0
DA:45,0
DA:60,0
DA:61,0
DA:64,0
LF:5
LH:0
BRDA:70,0,0,0
BRDA:70,0,1,0
BRF:2
BRH:0
end_of_record
TN:
SF:src\main.jsx
FNF:0
FNH:0
DA:9,0
DA:16,0
LF:2
LH:0
BRF:0
BRH:0
end_of_record
TN:
SF:src\Landing\BlogPreview.jsx
FN:3,(anonymous_0)
FNF:1
FNH:0
FNDA:0,(anonymous_0)
DA:3,0
DA:4,0
LF:2
LH:0
BRF:0
BRH:0
end_of_record
TN:
SF:src\Landing\FAQ.jsx
FN:110,(anonymous_0)
FN:113,(anonymous_1)
FN:132,(anonymous_2)
FN:137,(anonymous_3)
FN:143,(anonymous_4)
FNF:5
FNH:0
FNDA:0,(anonymous_0)
FNDA:0,(anonymous_1)
FNDA:0,(anonymous_2)
FNDA:0,(anonymous_3)
FNDA:0,(anonymous_4)
DA:9,0
DA:110,0
DA:111,0
DA:113,0
DA:114,0
DA:117,0
DA:133,0
DA:138,0
DA:139,0
DA:141,0
DA:143,0
LF:11
LH:0
BRDA:114,0,0,0
BRDA:114,0,1,0
BRDA:145,1,0,0
BRDA:145,1,1,0
BRDA:149,2,0,0
BRDA:149,2,1,0
BRF:6
BRH:0
end_of_record
TN:
SF:src\Landing\Features.jsx
FN:44,(anonymous_0)
FN:56,(anonymous_1)
FN:77,(anonymous_2)
FNF:3
FNH:0
FNDA:0,(anonymous_0)
FNDA:0,(anonymous_1)
FNDA:0,(anonymous_2)
DA:6,0
DA:44,0
DA:45,0
DA:58,0
DA:79,0
LF:5
LH:0
BRF:0
BRH:0
end_of_record
TN:
SF:src\Landing\FinalCTA.jsx
FN:6,(anonymous_0)
FNF:1
FNH:0
FNDA:0,(anonymous_0)
DA:6,0
DA:7,0
LF:2
LH:0
BRF:0
BRH:0
end_of_record
TN:
SF:src\Landing\Hero.jsx
FN:5,(anonymous_0)
FNF:1
FNH:0
FNDA:0,(anonymous_0)
DA:5,0
DA:6,0
LF:2
LH:0
BRF:0
BRH:0
end_of_record
TN:
SF:src\Landing\HowItWorks.jsx
FN:63,(anonymous_0)
FN:75,(anonymous_1)
FN:95,(anonymous_2)
FNF:3
FNH:0
FNDA:0,(anonymous_0)
FNDA:0,(anonymous_1)
FNDA:0,(anonymous_2)
DA:6,0
DA:63,0
DA:64,0
DA:76,0
DA:96,0
LF:5
LH:0
BRF:0
BRH:0
end_of_record
TN:
SF:src\Landing\LiveJobsPreview.jsx
FN:3,(anonymous_0)
FNF:1
FNH:0
FNDA:0,(anonymous_0)
DA:3,0
DA:4,0
LF:2
LH:0
BRF:0
BRH:0
end_of_record
TN:
SF:src\Landing\Testimonials.jsx
FN:94,(anonymous_0)
FN:118,(anonymous_1)
FN:130,(anonymous_2)
FNF:3
FNH:0
FNDA:0,(anonymous_0)
FNDA:0,(anonymous_1)
FNDA:0,(anonymous_2)
DA:11,0
DA:94,0
DA:95,0
DA:119,0
DA:131,0
LF:5
LH:0
BRF:0
BRH:0
end_of_record
TN:
SF:src\components\admin\AdminSupportPage.jsx
FN:8,(anonymous_0)
FN:12,(anonymous_1)
FN:16,(anonymous_2)
FNF:3
FNH:0
FNDA:0,(anonymous_0)
FNDA:0,(anonymous_1)
FNDA:0,(anonymous_2)
DA:8,0
DA:9,0
DA:10,0
DA:12,0
DA:13,0
DA:14,0
DA:16,0
DA:17,0
DA:18,0
DA:19,0
DA:20,0
DA:22,0
DA:26,0
DA:29,0
DA:30,0
DA:32,0
LF:16
LH:0
BRDA:14,0,0,0
BRDA:14,0,1,0
BRDA:19,1,0,0
BRDA:19,1,1,0
BRDA:19,2,0,0
BRDA:19,2,1,0
BRDA:29,3,0,0
BRDA:29,3,1,0
BRDA:30,4,0,0
BRDA:30,4,1,0
BRF:10
BRH:0
end_of_record
TN:
SF:src\components\admin\analytics\CohortAnalysis.jsx
FN:12,(anonymous_0)
FN:19,(anonymous_1)
FN:25,(anonymous_2)
FN:33,(anonymous_3)
FN:50,(anonymous_4)
FN:53,(anonymous_5)
FN:83,(anonymous_6)
FN:86,(anonymous_7)
FN:89,(anonymous_8)
FN:97,(anonymous_9)
FN:98,(anonymous_10)
FN:118,(anonymous_11)
FN:119,(anonymous_12)
FN:121,(anonymous_13)
FN:142,(anonymous_14)
FN:150,(anonymous_15)
FN:154,(anonymous_16)
FN:182,(anonymous_17)
FN:183,(anonymous_18)
FN:184,(anonymous_19)
FN:214,(anonymous_20)
FN:223,(anonymous_21)
FN:224,(anonymous_22)
FN:234,(anonymous_23)
FN:257,(anonymous_24)
FN:258,(anonymous_25)
FN:259,(anonymous_26)
FN:260,(anonymous_27)
FN:266,(anonymous_28)
FN:267,(anonymous_29)
FN:342,(anonymous_30)
FN:366,(anonymous_31)
FN:376,(anonymous_32)
FN:394,(anonymous_33)
FN:399,(anonymous_34)
FN:403,(anonymous_35)
FNF:36
FNH:32
FNDA:73,(anonymous_0)
FNDA:32,(anonymous_1)
FNDA:32,(anonymous_2)
FNDA:64,(anonymous_3)
FNDA:32,(anonymous_4)
FNDA:160,(anonymous_5)
FNDA:32,(anonymous_6)
FNDA:64,(anonymous_7)
FNDA:320,(anonymous_8)
FNDA:800,(anonymous_9)
FNDA:3200,(anonymous_10)
FNDA:34,(anonymous_11)
FNDA:68,(anonymous_12)
FNDA:340,(anonymous_13)
FNDA:170,(anonymous_14)
FNDA:68,(anonymous_15)
FNDA:340,(anonymous_16)
FNDA:7,(anonymous_17)
FNDA:35,(anonymous_18)
FNDA:70,(anonymous_19)
FNDA:0,(anonymous_20)
FNDA:7,(anonymous_21)
FNDA:14,(anonymous_22)
FNDA:14,(anonymous_23)
FNDA:41,(anonymous_24)
FNDA:82,(anonymous_25)
FNDA:205,(anonymous_26)
FNDA:410,(anonymous_27)
FNDA:82,(anonymous_28)
FNDA:410,(anonymous_29)
FNDA:0,(anonymous_30)
FNDA:1,(anonymous_31)
FNDA:7,(anonymous_32)
FNDA:365,(anonymous_33)
FNDA:0,(anonymous_34)
FNDA:0,(anonymous_35)
DA:12,1
DA:13,73
DA:14,73
DA:15,73
DA:16,73
DA:17,73
DA:19,73
DA:20,32
DA:21,30
DA:25,73
DA:26,32
DA:28,32
DA:30,32
DA:33,32
DA:34,64
DA:35,64
DA:42,32
DA:44,0
DA:46,32
DA:50,73
DA:51,32
DA:53,32
DA:54,160
DA:57,160
DA:59,0
DA:60,0
DA:61,0
DA:62,0
DA:64,160
DA:65,160
DA:67,0
DA:68,0
DA:69,0
DA:71,0
DA:74,160
DA:75,64
DA:80,160
DA:83,32
DA:86,73
DA:87,64
DA:89,64
DA:90,320
DA:91,320
DA:92,320
DA:95,320
DA:97,320
DA:98,800
DA:99,3200
DA:104,800
DA:105,480
DA:109,320
DA:115,64
DA:118,73
DA:119,34
DA:120,68
DA:121,68
DA:122,340
DA:124,68
DA:127,34
DA:143,170
DA:151,68
DA:155,340
DA:156,340
DA:157,340
DA:159,340
DA:182,73
DA:183,7
DA:184,35
DA:185,70
DA:188,35
DA:194,7
DA:214,0
DA:223,73
DA:224,14
DA:229,7
DA:234,14
DA:257,73
DA:258,82
DA:259,41
DA:260,205
DA:261,410
DA:263,205
DA:266,41
DA:267,82
DA:268,410
DA:270,82
DA:273,41
DA:329,73
DA:342,0
DA:366,1
DA:376,7
DA:395,365
DA:400,0
DA:401,0
DA:403,0
LF:95
LH:81
BRDA:20,0,0,30
BRDA:20,0,1,2
BRDA:57,1,0,0
BRDA:57,1,1,160
BRDA:57,1,2,0
BRDA:57,1,3,0
BRDA:74,2,0,64
BRDA:74,2,1,96
BRDA:99,3,0,3200
BRDA:99,3,1,640
BRDA:99,3,2,640
BRDA:104,4,0,480
BRDA:104,4,1,320
BRDA:111,5,0,320
BRDA:111,5,1,0
BRDA:122,6,0,340
BRDA:122,6,1,0
BRDA:165,7,0,170
BRDA:165,7,1,170
BRDA:185,8,0,70
BRDA:185,8,1,0
BRDA:261,9,0,410
BRDA:261,9,1,0
BRDA:268,10,0,410
BRDA:268,10,1,0
BRDA:270,11,0,41
BRDA:270,11,1,41
BRDA:354,12,0,0
BRDA:354,12,1,73
BRDA:368,13,0,66
BRDA:368,13,1,7
BRDA:378,14,0,7
BRDA:378,14,1,66
BRDA:400,15,0,0
BRDA:400,15,1,0
BRDA:426,16,0,73
BRDA:426,16,1,0
BRDA:434,17,0,73
BRDA:434,17,1,73
BRDA:434,17,2,41
BRDA:440,18,0,7
BRDA:440,18,1,34
BRDA:452,19,0,73
BRDA:452,19,1,73
BRDA:452,19,2,32
BRF:45
BRH:33
end_of_record
TN:
SF:src\components\admin\analytics\MarketIntelligence.jsx
FN:13,(anonymous_0)
FN:22,(anonymous_1)
FN:28,(anonymous_2)
FN:36,(anonymous_3)
FN:40,(anonymous_4)
FN:72,(anonymous_5)
FN:75,(anonymous_6)
FN:93,(anonymous_7)
FN:98,(anonymous_8)
FN:103,(anonymous_9)
FN:106,(anonymous_10)
FN:109,(anonymous_11)
FN:131,(anonymous_12)
FN:137,(anonymous_13)
FN:140,(anonymous_14)
FN:144,(anonymous_15)
FN:166,(anonymous_16)
FN:170,(anonymous_17)
FN:173,(anonymous_18)
FN:176,(anonymous_19)
FN:178,(anonymous_20)
FN:197,(anonymous_21)
FN:201,(anonymous_22)
FN:204,(anonymous_23)
FN:208,(anonymous_24)
FN:230,(anonymous_25)
FN:235,(anonymous_26)
FN:238,(anonymous_27)
FN:247,(anonymous_28)
FN:270,(anonymous_29)
FN:279,(anonymous_30)
FN:298,(anonymous_31)
FN:303,(anonymous_32)
FN:320,(anonymous_33)
FN:338,(anonymous_34)
FN:347,(anonymous_35)
FN:348,(anonymous_36)
FN:357,(anonymous_37)
FN:394,(anonymous_38)
FN:395,(anonymous_39)
FN:396,(anonymous_40)
FN:502,(anonymous_41)
FN:512,(anonymous_42)
FN:522,(anonymous_43)
FN:541,(anonymous_44)
FN:545,(anonymous_45)
FN:557,(anonymous_46)
FN:561,(anonymous_47)
FNF:48
FNH:43
FNDA:98,(anonymous_0)
FNDA:45,(anonymous_1)
FNDA:44,(anonymous_2)
FNDA:8,(anonymous_3)
FNDA:8,(anonymous_4)
FNDA:44,(anonymous_5)
FNDA:168,(anonymous_6)
FNDA:672,(anonymous_7)
FNDA:124,(anonymous_8)
FNDA:80,(anonymous_9)
FNDA:44,(anonymous_10)
FNDA:168,(anonymous_11)
FNDA:124,(anonymous_12)
FNDA:80,(anonymous_13)
FNDA:44,(anonymous_14)
FNDA:168,(anonymous_15)
FNDA:84,(anonymous_16)
FNDA:40,(anonymous_17)
FNDA:44,(anonymous_18)
FNDA:168,(anonymous_19)
FNDA:380,(anonymous_20)
FNDA:380,(anonymous_21)
FNDA:336,(anonymous_22)
FNDA:44,(anonymous_23)
FNDA:168,(anonymous_24)
FNDA:84,(anonymous_25)
FNDA:40,(anonymous_26)
FNDA:168,(anonymous_27)
FNDA:54,(anonymous_28)
FNDA:0,(anonymous_29)
FNDA:4,(anonymous_30)
FNDA:0,(anonymous_31)
FNDA:12,(anonymous_32)
FNDA:3,(anonymous_33)
FNDA:0,(anonymous_34)
FNDA:0,(anonymous_35)
FNDA:0,(anonymous_36)
FNDA:53,(anonymous_37)
FNDA:57,(anonymous_38)
FNDA:163,(anonymous_39)
FNDA:163,(anonymous_40)
FNDA:1,(anonymous_41)
FNDA:4,(anonymous_42)
FNDA:3,(anonymous_43)
FNDA:2,(anonymous_44)
FNDA:163,(anonymous_45)
FNDA:2,(anonymous_46)
FNDA:163,(anonymous_47)
DA:13,1
DA:14,98
DA:15,98
DA:16,98
DA:17,98
DA:18,98
DA:20,98
DA:22,98
DA:23,45
DA:24,42
DA:28,98
DA:29,44
DA:31,44
DA:33,44
DA:35,44
DA:36,8
DA:39,44
DA:40,8
DA:44,44
DA:47,44
DA:50,44
DA:53,44
DA:56,44
DA:58,44
DA:66,0
DA:68,44
DA:72,98
DA:73,44
DA:75,44
DA:76,168
DA:77,168
DA:78,124
DA:87,168
DA:88,168
DA:89,168
DA:93,672
DA:94,168
DA:98,44
DA:99,124
DA:100,124
DA:103,80
DA:106,98
DA:107,44
DA:109,44
DA:110,168
DA:111,168
DA:112,124
DA:121,168
DA:122,168
DA:123,168
DA:125,168
DA:126,168
DA:131,44
DA:132,124
DA:133,124
DA:134,124
DA:137,80
DA:140,98
DA:142,44
DA:144,44
DA:145,168
DA:146,168
DA:147,168
DA:148,84
DA:158,168
DA:159,168
DA:160,168
DA:161,168
DA:166,44
DA:167,84
DA:170,44
DA:173,98
DA:174,44
DA:176,44
DA:177,168
DA:178,168
DA:179,380
DA:180,380
DA:188,380
DA:189,380
DA:190,380
DA:197,44
DA:198,380
DA:201,336
DA:204,98
DA:206,44
DA:208,44
DA:209,168
DA:210,168
DA:211,84
DA:220,168
DA:221,168
DA:222,168
DA:224,168
DA:225,168
DA:230,44
DA:231,84
DA:232,84
DA:235,44
DA:238,98
DA:239,168
DA:240,168
DA:241,168
DA:242,168
DA:243,168
DA:244,168
DA:247,98
DA:248,54
DA:250,54
DA:270,0
DA:279,98
DA:280,4
DA:282,4
DA:298,0
DA:304,12
DA:320,98
DA:321,3
DA:323,3
DA:338,0
DA:347,0
DA:348,0
DA:357,98
DA:358,53
DA:360,53
DA:394,98
DA:395,163
DA:396,163
DA:397,57
DA:398,57
DA:400,57
DA:474,98
DA:502,1
DA:512,4
DA:522,3
DA:541,2
DA:546,163
DA:557,2
DA:562,163
LF:138
LH:132
BRDA:23,0,0,42
BRDA:23,0,1,3
BRDA:35,1,0,2
BRDA:35,1,1,42
BRDA:39,2,0,2
BRDA:39,2,1,42
BRDA:76,3,0,168
BRDA:76,3,1,0
BRDA:77,4,0,124
BRDA:77,4,1,44
BRDA:88,5,0,168
BRDA:88,5,1,0
BRDA:99,6,0,124
BRDA:99,6,1,0
BRDA:100,7,0,124
BRDA:100,7,1,0
BRDA:110,8,0,168
BRDA:110,8,1,0
BRDA:111,9,0,124
BRDA:111,9,1,44
BRDA:122,10,0,168
BRDA:122,10,1,0
BRDA:125,11,0,168
BRDA:125,11,1,0
BRDA:132,12,0,124
BRDA:132,12,1,0
BRDA:145,13,0,168
BRDA:145,13,1,0
BRDA:145,14,0,168
BRDA:145,14,1,168
BRDA:147,15,0,84
BRDA:147,15,1,84
BRDA:167,16,0,84
BRDA:167,16,1,0
BRDA:177,17,0,168
BRDA:177,17,1,0
BRDA:177,18,0,168
BRDA:177,18,1,168
BRDA:179,19,0,380
BRDA:179,19,1,0
BRDA:189,20,0,380
BRDA:189,20,1,0
BRDA:198,21,0,380
BRDA:198,21,1,0
BRDA:210,22,0,84
BRDA:210,22,1,84
BRDA:221,23,0,168
BRDA:221,23,1,0
BRDA:224,24,0,168
BRDA:224,24,1,0
BRDA:231,25,0,84
BRDA:231,25,1,0
BRDA:241,26,0,168
BRDA:241,26,1,0
BRDA:248,27,0,54
BRDA:248,27,1,0
BRDA:280,28,0,4
BRDA:280,28,1,0
BRDA:321,29,0,3
BRDA:321,29,1,0
BRDA:358,30,0,53
BRDA:358,30,1,0
BRDA:395,31,0,57
BRDA:395,31,1,0
BRDA:396,32,0,57
BRDA:396,32,1,0
BRDA:396,33,0,57
BRDA:396,33,1,0
BRDA:397,34,0,57
BRDA:397,34,1,0
BRDA:398,35,0,57
BRDA:398,35,1,0
BRDA:490,36,0,0
BRDA:490,36,1,98
BRDA:504,37,0,91
BRDA:504,37,1,7
BRDA:514,38,0,4
BRDA:514,38,1,94
BRDA:524,39,0,3
BRDA:524,39,1,95
BRDA:570,40,0,98
BRDA:570,40,1,0
BRDA:578,41,0,98
BRDA:578,41,1,98
BRDA:578,41,2,57
BRDA:585,42,0,57
BRDA:585,42,1,50
BRDA:592,43,0,57
BRDA:592,43,1,4
BRDA:599,44,0,57
BRDA:599,44,1,3
BRDA:610,45,0,98
BRDA:610,45,1,98
BRDA:610,45,2,41
BRF:94
BRH:65
end_of_record
TN:
SF:src\components\admin\analytics\PredictiveInsights.jsx
FN:12,(anonymous_0)
FN:20,(anonymous_1)
FN:26,(anonymous_2)
FN:48,(anonymous_3)
FN:50,(anonymous_4)
FN:57,(anonymous_5)
FN:58,(anonymous_6)
FN:61,(anonymous_7)
FN:68,(anonymous_8)
FN:69,(anonymous_9)
FN:94,(anonymous_10)
FN:98,(anonymous_11)
FN:99,(anonymous_12)
FN:116,(anonymous_13)
FN:125,(anonymous_14)
FN:134,(anonymous_15)
FN:143,(anonymous_16)
FN:156,(anonymous_17)
FN:170,(anonymous_18)
FN:179,(anonymous_19)
FN:194,(anonymous_20)
FN:206,(anonymous_21)
FN:234,(anonymous_22)
FN:237,(anonymous_23)
FN:238,(anonymous_24)
FN:242,(anonymous_25)
FN:243,(anonymous_26)
FN:248,(anonymous_27)
FN:249,(anonymous_28)
FN:250,(anonymous_29)
FN:253,(anonymous_30)
FN:259,(anonymous_31)
FN:265,(anonymous_32)
FN:274,(anonymous_33)
FN:279,(anonymous_34)
FN:283,(anonymous_35)
FN:314,(anonymous_36)
FN:346,(anonymous_37)
FN:372,(anonymous_38)
FNF:39
FNH:33
FNDA:57,(anonymous_0)
FNDA:27,(anonymous_1)
FNDA:27,(anonymous_2)
FNDA:81,(anonymous_3)
FNDA:243,(anonymous_4)
FNDA:243,(anonymous_5)
FNDA:162,(anonymous_6)
FNDA:81,(anonymous_7)
FNDA:243,(anonymous_8)
FNDA:243,(anonymous_9)
FNDA:81,(anonymous_10)
FNDA:243,(anonymous_11)
FNDA:243,(anonymous_12)
FNDA:426,(anonymous_13)
FNDA:426,(anonymous_14)
FNDA:426,(anonymous_15)
FNDA:168,(anonymous_16)
FNDA:0,(anonymous_17)
FNDA:0,(anonymous_18)
FNDA:0,(anonymous_19)
FNDA:8091,(anonymous_20)
FNDA:8091,(anonymous_21)
FNDA:255,(anonymous_22)
FNDA:16182,(anonymous_23)
FNDA:16182,(anonymous_24)
FNDA:522,(anonymous_25)
FNDA:15660,(anonymous_26)
FNDA:255,(anonymous_27)
FNDA:16182,(anonymous_28)
FNDA:15660,(anonymous_29)
FNDA:57,(anonymous_30)
FNDA:1,(anonymous_31)
FNDA:1,(anonymous_32)
FNDA:171,(anonymous_33)
FNDA:0,(anonymous_34)
FNDA:0,(anonymous_35)
FNDA:0,(anonymous_36)
FNDA:168,(anonymous_37)
FNDA:87,(anonymous_38)
DA:12,1
DA:13,57
DA:14,57
DA:15,57
DA:16,57
DA:17,57
DA:20,57
DA:21,27
DA:22,26
DA:26,57
DA:27,27
DA:30,27
DA:31,27
DA:32,27
DA:35,27
DA:36,27
DA:37,27
DA:39,27
DA:45,27
DA:48,57
DA:49,81
DA:50,81
DA:51,243
DA:52,243
DA:56,81
DA:57,243
DA:58,162
DA:61,57
DA:62,81
DA:63,0
DA:67,81
DA:68,243
DA:69,243
DA:72,81
DA:75,81
DA:76,81
DA:78,81
DA:79,7290
DA:80,7290
DA:82,7290
DA:84,7290
DA:91,81
DA:94,57
DA:95,81
DA:98,243
DA:99,243
DA:102,81
DA:103,81
DA:105,81
DA:106,243
DA:107,243
DA:110,81
DA:111,81
DA:113,81
DA:116,57
DA:117,426
DA:118,142
DA:119,142
DA:120,142
DA:121,0
DA:125,57
DA:126,426
DA:127,142
DA:128,142
DA:129,142
DA:130,0
DA:134,57
DA:135,426
DA:136,142
DA:137,142
DA:138,142
DA:139,0
DA:143,57
DA:144,168
DA:145,168
DA:147,168
DA:156,0
DA:170,0
DA:179,0
DA:194,8091
DA:206,8091
DA:234,57
DA:235,255
DA:237,16182
DA:238,16182
DA:240,174
DA:242,522
DA:243,15660
DA:245,174
DA:248,57
DA:249,16182
DA:250,15660
DA:253,57
DA:254,57
DA:259,1
DA:265,1
DA:275,171
DA:280,0
DA:281,0
DA:283,0
DA:301,57
DA:314,0
DA:347,168
DA:373,87
DA:374,87
DA:375,87
DA:377,87
LF:107
LH:96
BRDA:21,0,0,26
BRDA:21,0,1,1
BRDA:52,1,0,243
BRDA:52,1,1,243
BRDA:62,2,0,0
BRDA:62,2,1,81
BRDA:110,3,0,81
BRDA:110,3,1,0
BRDA:117,4,0,142
BRDA:117,4,1,142
BRDA:117,4,2,142
BRDA:117,4,3,0
BRDA:126,5,0,142
BRDA:126,5,1,142
BRDA:126,5,2,142
BRDA:126,5,3,0
BRDA:135,6,0,142
BRDA:135,6,1,142
BRDA:135,6,2,142
BRDA:135,6,3,0
BRDA:144,7,0,168
BRDA:144,7,1,81
BRDA:159,8,0,168
BRDA:159,8,1,0
BRDA:198,9,0,168
BRDA:198,9,1,168
BRDA:235,10,0,81
BRDA:235,10,1,174
BRDA:240,11,0,0
BRDA:240,11,1,174
BRDA:240,12,0,174
BRDA:240,12,1,174
BRDA:245,13,0,174
BRDA:245,13,1,0
BRDA:280,14,0,0
BRDA:280,14,1,0
BRDA:326,15,0,0
BRDA:326,15,1,57
BRDA:336,16,0,57
BRDA:336,16,1,0
BRDA:344,17,0,57
BRDA:344,17,1,57
BRDA:360,18,0,57
BRDA:360,18,1,57
BRDA:360,18,2,30
BRDA:373,19,0,87
BRDA:373,19,1,0
BRDA:389,20,0,0
BRDA:389,20,1,87
BRDA:389,21,0,0
BRDA:389,21,1,87
BRDA:390,22,0,0
BRDA:390,22,1,87
BRF:53
BRH:37
end_of_record
TN:
SF:src\components\admin\cards\AdminCard.jsx
FN:5,(anonymous_0)
FNF:1
FNH:0
FNDA:0,(anonymous_0)
DA:5,0
DA:6,0
LF:2
LH:0
BRDA:5,0,0,0
BRF:1
BRH:0
end_of_record
TN:
SF:src\components\admin\cards\AdminStatCard.jsx
FN:5,(anonymous_0)
FNF:1
FNH:0
FNDA:0,(anonymous_0)
DA:5,0
DA:6,0
LF:2
LH:0
BRDA:5,0,0,0
BRF:1
BRH:0
end_of_record
TN:
SF:src\components\admin\cards\StatWidget.jsx
FN:3,(anonymous_0)
FNF:1
FNH:0
FNDA:0,(anonymous_0)
DA:3,0
DA:4,0
LF:2
LH:0
BRF:0
BRH:0
end_of_record
TN:
SF:src\components\admin\charts\ApplicationsOverTime.jsx
FN:15,(anonymous_0)
FN:20,(anonymous_1)
FN:23,(anonymous_2)
FN:24,(anonymous_3)
FN:28,(anonymous_4)
FN:32,(anonymous_5)
FN:60,(anonymous_6)
FN:67,(anonymous_7)
FN:71,(anonymous_8)
FNF:9
FNH:0
FNDA:0,(anonymous_0)
FNDA:0,(anonymous_1)
FNDA:0,(anonymous_2)
FNDA:0,(anonymous_3)
FNDA:0,(anonymous_4)
FNDA:0,(anonymous_5)
FNDA:0,(anonymous_6)
FNDA:0,(anonymous_7)
FNDA:0,(anonymous_8)
DA:15,0
DA:16,0
DA:17,0
DA:18,0
DA:20,0
DA:22,0
DA:23,0
DA:24,0
DA:25,0
DA:26,0
DA:27,0
DA:29,0
DA:30,0
DA:32,0
DA:35,0
DA:37,0
DA:61,0
DA:62,0
DA:68,0
DA:69,0
DA:71,0
LF:21
LH:0
BRDA:44,0,0,0
BRDA:44,0,1,0
BRDA:48,1,0,0
BRDA:48,1,1,0
BRF:4
BRH:0
end_of_record
TN:
SF:src\components\admin\charts\BarChart.jsx
FN:3,(anonymous_0)
FNF:1
FNH:0
FNDA:0,(anonymous_0)
DA:3,0
DA:4,0
LF:2
LH:0
BRF:0
BRH:0
end_of_record
TN:
SF:src\components\admin\charts\ChartCard.jsx
FN:6,(anonymous_0)
FN:19,(anonymous_1)
FN:20,(anonymous_2)
FN:23,(anonymous_3)
FN:28,(anonymous_4)
FN:33,(anonymous_5)
FN:57,(anonymous_6)
FN:98,(anonymous_7)
FNF:8
FNH:0
FNDA:0,(anonymous_0)
FNDA:0,(anonymous_1)
FNDA:0,(anonymous_2)
FNDA:0,(anonymous_3)
FNDA:0,(anonymous_4)
FNDA:0,(anonymous_5)
FNDA:0,(anonymous_6)
FNDA:0,(anonymous_7)
DA:6,0
DA:16,0
DA:17,0
DA:19,0
DA:20,0
DA:21,0
DA:23,0
DA:26,0
DA:27,0
DA:28,0
DA:29,0
DA:30,0
DA:31,0
DA:32,0
DA:33,0
DA:34,0
DA:35,0
DA:38,0
DA:39,0
DA:40,0
DA:41,0
DA:46,0
DA:57,0
DA:98,0
LF:24
LH:0
BRDA:9,0,0,0
BRDA:11,1,0,0
BRDA:13,2,0,0
BRDA:14,3,0,0
BRDA:30,4,0,0
BRDA:30,4,1,0
BRDA:30,5,0,0
BRDA:30,5,1,0
BRDA:35,6,0,0
BRDA:35,6,1,0
BRDA:61,7,0,0
BRDA:61,7,1,0
BRDA:73,8,0,0
BRDA:73,8,1,0
BRDA:73,8,2,0
BRDA:79,9,0,0
BRDA:79,9,1,0
BRDA:81,10,0,0
BRDA:81,10,1,0
BRDA:85,11,0,0
BRDA:85,11,1,0
BRDA:93,12,0,0
BRDA:93,12,1,0
BRDA:110,13,0,0
BRDA:110,13,1,0
BRDA:110,14,0,0
BRDA:110,14,1,0
BRF:27
BRH:0
end_of_record
TN:
SF:src\components\admin\charts\JobStatusBreakdown.jsx
FN:13,(anonymous_0)
FN:17,(anonymous_1)
FN:18,(anonymous_2)
FN:20,(anonymous_3)
FN:27,(anonymous_4)
FN:28,(anonymous_5)
FN:31,(anonymous_6)
FN:35,(anonymous_7)
FN:38,(anonymous_8)
FN:91,(anonymous_9)
FN:96,(anonymous_10)
FN:107,(anonymous_11)
FNF:12
FNH:0
FNDA:0,(anonymous_0)
FNDA:0,(anonymous_1)
FNDA:0,(anonymous_2)
FNDA:0,(anonymous_3)
FNDA:0,(anonymous_4)
FNDA:0,(anonymous_5)
FNDA:0,(anonymous_6)
FNDA:0,(anonymous_7)
FNDA:0,(anonymous_8)
FNDA:0,(anonymous_9)
FNDA:0,(anonymous_10)
FNDA:0,(anonymous_11)
DA:7,0
DA:13,0
DA:14,0
DA:15,0
DA:17,0
DA:18,0
DA:19,0
DA:20,0
DA:21,0
DA:22,0
DA:23,0
DA:26,0
DA:27,0
DA:28,0
DA:29,0
DA:30,0
DA:32,0
DA:33,0
DA:35,0
DA:38,0
DA:39,0
DA:40,0
DA:41,0
DA:42,0
DA:43,0
DA:44,0
DA:59,0
DA:92,0
DA:96,0
DA:107,0
LF:30
LH:0
BRDA:22,0,0,0
BRDA:22,0,1,0
BRDA:22,1,0,0
BRDA:22,1,1,0
BRDA:43,2,0,0
BRDA:43,2,1,0
BRDA:49,3,0,0
BRDA:49,3,1,0
BRDA:69,4,0,0
BRDA:69,4,1,0
BRDA:71,5,0,0
BRDA:71,5,1,0
BRDA:92,6,0,0
BRDA:92,6,1,0
BRF:14
BRH:0
end_of_record
TN:
SF:src\components\admin\charts\LineChart.jsx
FN:3,(anonymous_0)
FNF:1
FNH:0
FNDA:0,(anonymous_0)
DA:3,0
DA:4,0
LF:2
LH:0
BRF:0
BRH:0
end_of_record
TN:
SF:src\components\admin\charts\PieChart.jsx
FN:3,(anonymous_0)
FNF:1
FNH:0
FNDA:0,(anonymous_0)
DA:3,0
DA:4,0
LF:2
LH:0
BRF:0
BRH:0
end_of_record
TN:
SF:src\components\admin\dashboard\AdminDashboardTopSection.jsx
FN:9,(anonymous_0)
FN:14,(anonymous_1)
FN:15,(anonymous_2)
FN:16,(anonymous_3)
FN:17,(anonymous_4)
FN:18,(anonymous_5)
FNF:6
FNH:0
FNDA:0,(anonymous_0)
FNDA:0,(anonymous_1)
FNDA:0,(anonymous_2)
FNDA:0,(anonymous_3)
FNDA:0,(anonymous_4)
FNDA:0,(anonymous_5)
DA:9,0
DA:10,0
DA:11,0
DA:12,0
DA:14,0
DA:15,0
DA:16,0
DA:17,0
DA:18,0
DA:19,0
DA:20,0
DA:21,0
DA:25,0
LF:13
LH:0
BRF:0
BRH:0
end_of_record
TN:
SF:src\components\admin\forms\AdminSettingsForm.jsx
FN:3,(anonymous_0)
FNF:1
FNH:0
FNDA:0,(anonymous_0)
DA:3,0
DA:4,0
LF:2
LH:0
BRF:0
BRH:0
end_of_record
TN:
SF:src\components\admin\forms\AnnouncementForm.jsx
FN:3,(anonymous_0)
FNF:1
FNH:0
FNDA:0,(anonymous_0)
DA:3,0
DA:4,0
LF:2
LH:0
BRF:0
BRH:0
end_of_record
TN:
SF:src\components\admin\forms\RoleChangeForm.jsx
FN:7,(anonymous_0)
FN:15,(anonymous_1)
FN:31,(anonymous_2)
FN:53,(anonymous_3)
FN:55,(anonymous_4)
FNF:5
FNH:0
FNDA:0,(anonymous_0)
FNDA:0,(anonymous_1)
FNDA:0,(anonymous_2)
FNDA:0,(anonymous_3)
FNDA:0,(anonymous_4)
DA:7,0
DA:8,0
DA:9,0
DA:10,0
DA:11,0
DA:13,0
DA:15,0
DA:16,0
DA:17,0
DA:18,0
DA:20,0
DA:21,0
DA:22,0
DA:25,0
DA:26,0
DA:27,0
DA:28,0
DA:30,0
DA:31,0
DA:32,0
DA:33,0
DA:36,0
DA:37,0
DA:39,0
DA:43,0
DA:53,0
DA:56,0
LF:27
LH:0
BRDA:20,0,0,0
BRDA:20,0,1,0
BRDA:45,1,0,0
BRDA:45,1,1,0
BRDA:46,2,0,0
BRDA:46,2,1,0
BRDA:76,3,0,0
BRDA:76,3,1,0
BRF:8
BRH:0
end_of_record
TN:
SF:src\components\admin\layout\AdminBreadcrumbs.jsx
FN:3,(anonymous_0)
FNF:1
FNH:0
FNDA:0,(anonymous_0)
DA:3,0
DA:4,0
LF:2
LH:0
BRF:0
BRH:0
end_of_record
TN:
SF:src\components\admin\layout\AdminLayout.jsx
FN:8,(anonymous_0)
FNF:1
FNH:0
FNDA:0,(anonymous_0)
DA:8,0
DA:9,0
DA:11,0
DA:12,0
DA:15,0
DA:16,0
DA:19,0
LF:7
LH:0
BRDA:11,0,0,0
BRDA:11,0,1,0
BRDA:15,1,0,0
BRDA:15,1,1,0
BRF:4
BRH:0
end_of_record
TN:
SF:src\components\admin\layout\AdminSidebar.jsx
FN:4,(anonymous_0)
FN:20,(anonymous_1)
FN:24,(anonymous_2)
FNF:3
FNH:0
FNDA:0,(anonymous_0)
FNDA:0,(anonymous_1)
FNDA:0,(anonymous_2)
DA:4,0
DA:5,0
DA:16,0
DA:21,0
DA:25,0
LF:5
LH:0
BRDA:26,0,0,0
BRDA:26,0,1,0
BRF:2
BRH:0
end_of_record
TN:
SF:src\components\admin\layout\AdminTopbar.jsx
FN:7,(anonymous_0)
FN:11,(anonymous_1)
FN:22,(anonymous_2)
FN:22,(anonymous_3)
FN:31,(anonymous_4)
FNF:5
FNH:0
FNDA:0,(anonymous_0)
FNDA:0,(anonymous_1)
FNDA:0,(anonymous_2)
FNDA:0,(anonymous_3)
FNDA:0,(anonymous_4)
DA:7,0
DA:8,0
DA:9,0
DA:11,0
DA:12,0
DA:13,0
DA:16,0
DA:22,0
DA:31,0
LF:9
LH:0
BRDA:28,0,0,0
BRDA:28,0,1,0
BRF:2
BRH:0
end_of_record
TN:
SF:src\components\admin\layout\GreetingBanner.jsx
FN:7,(anonymous_0)
FN:14,(anonymous_1)
FN:18,(anonymous_2)
FN:19,(anonymous_3)
FNF:4
FNH:0
FNDA:0,(anonymous_0)
FNDA:0,(anonymous_1)
FNDA:0,(anonymous_2)
FNDA:0,(anonymous_3)
DA:7,0
DA:8,0
DA:9,0
DA:10,0
DA:11,0
DA:14,0
DA:15,0
DA:16,0
DA:18,0
DA:19,0
DA:20,0
DA:21,0
DA:22,0
DA:23,0
DA:24,0
DA:28,0
DA:31,0
DA:33,0
LF:18
LH:0
BRDA:9,0,0,0
BRDA:9,0,1,0
BRDA:10,1,0,0
BRDA:10,1,1,0
BRDA:20,2,0,0
BRDA:20,2,1,0
BRDA:23,3,0,0
BRDA:23,3,1,0
BRDA:24,4,0,0
BRDA:24,4,1,0
BRF:10
BRH:0
end_of_record
TN:
SF:src\components\admin\layout\QuickActionsBar.jsx
FN:26,(anonymous_0)
FN:30,(anonymous_1)
FN:33,(anonymous_2)
FNF:3
FNH:0
FNDA:0,(anonymous_0)
FNDA:0,(anonymous_1)
FNDA:0,(anonymous_2)
DA:5,0
DA:26,0
DA:27,0
DA:28,0
DA:31,0
DA:33,0
LF:6
LH:0
BRF:0
BRH:0
end_of_record
TN:
SF:src\components\admin\logs\LogCard.jsx
FN:4,(anonymous_0)
FN:22,(anonymous_1)
FNF:2
FNH:0
FNDA:0,(anonymous_0)
FNDA:0,(anonymous_1)
DA:4,0
DA:5,0
DA:7,0
DA:9,0
DA:12,0
DA:14,0
DA:16,0
DA:18,0
DA:22,0
DA:30,0
DA:32,0
DA:36,0
LF:12
LH:0
BRDA:5,0,0,0
BRDA:5,0,1,0
BRDA:5,0,2,0
BRDA:5,0,3,0
BRDA:5,0,4,0
BRDA:5,0,5,0
BRDA:5,0,6,0
BRDA:24,1,0,0
BRDA:25,2,0,0
BRDA:26,3,0,0
BRDA:27,4,0,0
BRDA:29,5,0,0
BRDA:32,6,0,0
BRDA:32,6,1,0
BRF:14
BRH:0
end_of_record
TN:
SF:src\components\admin\modals\EditJobModal.jsx
FN:6,(anonymous_0)
FN:16,(anonymous_1)
FN:17,(anonymous_2)
FN:20,(anonymous_3)
FN:43,(anonymous_4)
FNF:5
FNH:0
FNDA:0,(anonymous_0)
FNDA:0,(anonymous_1)
FNDA:0,(anonymous_2)
FNDA:0,(anonymous_3)
FNDA:0,(anonymous_4)
DA:6,0
DA:7,0
DA:16,0
DA:17,0
DA:20,0
DA:21,0
DA:22,0
DA:23,0
DA:24,0
DA:25,0
DA:26,0
DA:28,0
DA:29,0
DA:33,0
DA:35,0
DA:44,0
LF:16
LH:0
BRDA:8,0,0,0
BRDA:8,0,1,0
BRDA:9,1,0,0
BRDA:9,1,1,0
BRDA:10,2,0,0
BRDA:10,2,1,0
BRDA:11,3,0,0
BRDA:11,3,1,0
BRDA:12,4,0,0
BRDA:12,4,1,0
BRDA:13,5,0,0
BRDA:13,5,1,0
BRDA:33,6,0,0
BRDA:33,6,1,0
BRDA:33,7,0,0
BRDA:33,7,1,0
BRF:16
BRH:0
end_of_record
TN:
SF:src\components\admin\modals\JobDetailsModal.jsx
FN:7,(anonymous_0)
FNF:1
FNH:0
FNDA:0,(anonymous_0)
DA:7,0
DA:8,0
DA:10,0
LF:3
LH:0
BRDA:8,0,0,0
BRDA:8,0,1,0
BRDA:18,1,0,0
BRDA:18,1,1,0
BRDA:22,2,0,0
BRDA:22,2,1,0
BRDA:23,3,0,0
BRDA:23,3,1,0
BRDA:24,4,0,0
BRDA:24,4,1,0
BRDA:25,5,0,0
BRDA:25,5,1,0
BRDA:26,6,0,0
BRDA:26,6,1,0
BRDA:31,7,0,0
BRDA:31,7,1,0
BRDA:37,8,0,0
BRDA:37,8,1,0
BRDA:40,9,0,0
BRDA:40,9,1,0
BRF:20
BRH:0
end_of_record
TN:
SF:src\components\admin\modals\ReportDetailsModal.jsx
FN:6,(anonymous_0)
FN:20,(anonymous_1)
FN:25,(anonymous_2)
FN:31,(anonymous_3)
FN:56,(anonymous_4)
FN:73,(anonymous_5)
FN:90,(anonymous_6)
FN:96,(anonymous_7)
FNF:8
FNH:0
FNDA:0,(anonymous_0)
FNDA:0,(anonymous_1)
FNDA:0,(anonymous_2)
FNDA:0,(anonymous_3)
FNDA:0,(anonymous_4)
FNDA:0,(anonymous_5)
FNDA:0,(anonymous_6)
FNDA:0,(anonymous_7)
DA:6,0
DA:15,0
DA:17,0
DA:18,0
DA:20,0
DA:21,0
DA:22,0
DA:25,0
DA:26,0
DA:27,0
DA:31,0
DA:32,0
DA:35,0
DA:56,0
DA:73,0
DA:90,0
DA:96,0
LF:17
LH:0
BRDA:15,0,0,0
BRDA:15,0,1,0
BRDA:17,1,0,0
BRDA:17,1,1,0
BRDA:18,2,0,0
BRDA:18,2,1,0
BRDA:26,3,0,0
BRDA:26,3,1,0
BRDA:87,4,0,0
BRDA:87,4,1,0
BRF:10
BRH:0
end_of_record
TN:
SF:src\components\admin\monitoring\APIMetricsGraph.jsx
FN:3,(anonymous_0)
FNF:1
FNH:0
FNDA:0,(anonymous_0)
DA:3,0
DA:4,0
LF:2
LH:0
BRDA:6,0,0,0
BRDA:6,0,1,0
BRF:2
BRH:0
end_of_record
TN:
SF:src\components\admin\monitoring\ErrorLogTimeline.jsx
FN:3,(anonymous_0)
FNF:1
FNH:0
FNDA:0,(anonymous_0)
DA:3,0
DA:4,0
LF:2
LH:0
BRDA:6,0,0,0
BRDA:6,0,1,0
BRF:2
BRH:0
end_of_record
TN:
SF:src\components\admin\monitoring\FirestorePerformancePanel.jsx
FN:3,(anonymous_0)
FNF:1
FNH:0
FNDA:0,(anonymous_0)
DA:3,0
DA:4,0
LF:2
LH:0
BRDA:6,0,0,0
BRDA:6,0,1,0
BRF:2
BRH:0
end_of_record
TN:
SF:src\components\admin\monitoring\ServerStatusCard.jsx
FN:5,(anonymous_0)
FN:13,(anonymous_1)
FN:15,(anonymous_2)
FN:16,(anonymous_3)
FN:23,(anonymous_4)
FN:26,(anonymous_5)
FN:32,(anonymous_6)
FN:38,(anonymous_7)
FN:43,(anonymous_8)
FN:61,(anonymous_9)
FNF:10
FNH:0
FNDA:0,(anonymous_0)
FNDA:0,(anonymous_1)
FNDA:0,(anonymous_2)
FNDA:0,(anonymous_3)
FNDA:0,(anonymous_4)
FNDA:0,(anonymous_5)
FNDA:0,(anonymous_6)
FNDA:0,(anonymous_7)
FNDA:0,(anonymous_8)
FNDA:0,(anonymous_9)
DA:5,0
DA:6,0
DA:13,0
DA:14,0
DA:15,0
DA:16,0
DA:23,0
DA:26,0
DA:27,0
DA:28,0
DA:29,0
DA:32,0
DA:33,0
DA:34,0
DA:35,0
DA:38,0
DA:39,0
DA:40,0
DA:41,0
DA:42,0
DA:43,0
DA:44,0
DA:45,0
DA:46,0
DA:48,0
DA:61,0
DA:62,0
DA:81,0
LF:28
LH:0
BRDA:14,0,0,0
BRDA:14,0,1,0
BRDA:27,1,0,0
BRDA:27,1,1,0
BRDA:28,2,0,0
BRDA:28,2,1,0
BRDA:33,3,0,0
BRDA:33,3,1,0
BRDA:34,4,0,0
BRDA:34,4,1,0
BRDA:38,5,0,0
BRDA:38,6,0,0
BRDA:44,7,0,0
BRDA:44,7,1,0
BRDA:45,8,0,0
BRDA:45,8,1,0
BRDA:61,9,0,0
BRDA:86,10,0,0
BRDA:86,10,1,0
BRDA:87,11,0,0
BRDA:87,11,1,0
BRF:21
BRH:0
end_of_record
TN:
SF:src\components\admin\monitoring\SystemHealthDashboard.jsx
FN:12,(anonymous_0)
FN:22,(anonymous_1)
FN:25,(anonymous_2)
FN:29,(anonymous_3)
FN:30,(anonymous_4)
FN:42,(anonymous_5)
FN:46,(anonymous_6)
FN:47,(anonymous_7)
FN:55,(anonymous_8)
FN:56,(anonymous_9)
FN:72,(anonymous_10)
FN:85,(anonymous_11)
FN:122,(anonymous_12)
FNF:13
FNH:0
FNDA:0,(anonymous_0)
FNDA:0,(anonymous_1)
FNDA:0,(anonymous_2)
FNDA:0,(anonymous_3)
FNDA:0,(anonymous_4)
FNDA:0,(anonymous_5)
FNDA:0,(anonymous_6)
FNDA:0,(anonymous_7)
FNDA:0,(anonymous_8)
FNDA:0,(anonymous_9)
FNDA:0,(anonymous_10)
FNDA:0,(anonymous_11)
FNDA:0,(anonymous_12)
DA:12,0
DA:13,0
DA:14,0
DA:15,0
DA:16,0
DA:17,0
DA:18,0
DA:19,0
DA:22,0
DA:23,0
DA:25,0
DA:26,0
DA:29,0
DA:30,0
DA:33,0
DA:34,0
DA:35,0
DA:36,0
DA:38,0
DA:42,0
DA:46,0
DA:47,0
DA:48,0
DA:49,0
DA:55,0
DA:56,0
DA:60,0
DA:63,0
DA:65,0
DA:69,0
DA:72,0
DA:73,0
DA:75,0
DA:77,0
DA:79,0
DA:81,0
DA:85,0
DA:86,0
DA:88,0
DA:90,0
DA:92,0
DA:94,0
DA:98,0
DA:122,0
LF:44
LH:0
BRDA:23,0,0,0
BRDA:23,0,1,0
BRDA:33,1,0,0
BRDA:33,1,1,0
BRDA:35,2,0,0
BRDA:35,2,1,0
BRDA:73,3,0,0
BRDA:73,3,1,0
BRDA:73,3,2,0
BRDA:73,3,3,0
BRDA:86,4,0,0
BRDA:86,4,1,0
BRDA:86,4,2,0
BRDA:86,4,3,0
BRDA:124,5,0,0
BRDA:124,5,1,0
BRDA:129,6,0,0
BRDA:129,6,1,0
BRDA:133,7,0,0
BRDA:133,7,1,0
BRDA:153,8,0,0
BRDA:153,8,1,0
BRDA:227,9,0,0
BRDA:227,9,1,0
BRDA:227,10,0,0
BRDA:227,10,1,0
BRDA:229,11,0,0
BRDA:229,11,1,0
BRDA:229,12,0,0
BRDA:229,12,1,0
BRDA:302,13,0,0
BRDA:302,13,1,0
BRF:32
BRH:0
end_of_record
TN:
SF:src\components\admin\notifications\AdminNotificationsSystem.jsx
FN:12,(anonymous_0)
FN:35,(anonymous_1)
FN:36,(anonymous_2)
FN:61,(anonymous_3)
FN:62,(anonymous_4)
FN:70,(anonymous_5)
FN:71,(anonymous_6)
FN:78,(anonymous_7)
FN:91,(anonymous_8)
FN:92,(anonymous_9)
FN:123,(anonymous_10)
FN:131,(anonymous_11)
FN:135,(anonymous_12)
FN:169,(anonymous_13)
FN:179,(anonymous_14)
FN:181,(anonymous_15)
FN:184,(anonymous_16)
FN:196,(anonymous_17)
FN:197,(anonymous_18)
FN:197,(anonymous_19)
FN:201,(anonymous_20)
FN:233,(anonymous_21)
FN:246,(anonymous_22)
FN:297,(anonymous_23)
FN:319,(anonymous_24)
FN:368,(anonymous_25)
FN:375,(anonymous_26)
FN:380,(anonymous_27)
FNF:28
FNH:0
FNDA:0,(anonymous_0)
FNDA:0,(anonymous_1)
FNDA:0,(anonymous_2)
FNDA:0,(anonymous_3)
FNDA:0,(anonymous_4)
FNDA:0,(anonymous_5)
FNDA:0,(anonymous_6)
FNDA:0,(anonymous_7)
FNDA:0,(anonymous_8)
FNDA:0,(anonymous_9)
FNDA:0,(anonymous_10)
FNDA:0,(anonymous_11)
FNDA:0,(anonymous_12)
FNDA:0,(anonymous_13)
FNDA:0,(anonymous_14)
FNDA:0,(anonymous_15)
FNDA:0,(anonymous_16)
FNDA:0,(anonymous_17)
FNDA:0,(anonymous_18)
FNDA:0,(anonymous_19)
FNDA:0,(anonymous_20)
FNDA:0,(anonymous_21)
FNDA:0,(anonymous_22)
FNDA:0,(anonymous_23)
FNDA:0,(anonymous_24)
FNDA:0,(anonymous_25)
FNDA:0,(anonymous_26)
FNDA:0,(anonymous_27)
DA:12,0
DA:13,0
DA:14,0
DA:15,0
DA:21,0
DA:22,0
DA:23,0
DA:31,0
DA:32,0
DA:35,0
DA:36,0
DA:37,0
DA:39,0
DA:40,0
DA:45,0
DA:46,0
DA:47,0
DA:53,0
DA:57,0
DA:61,0
DA:62,0
DA:63,0
DA:64,0
DA:70,0
DA:71,0
DA:77,0
DA:78,0
DA:81,0
DA:83,0
DA:87,0
DA:91,0
DA:92,0
DA:93,0
DA:121,0
DA:122,0
DA:123,0
DA:126,0
DA:130,0
DA:131,0
DA:135,0
DA:136,0
DA:138,0
DA:139,0
DA:155,0
DA:158,0
DA:159,0
DA:160,0
DA:161,0
DA:164,0
DA:169,0
DA:170,0
DA:171,0
DA:172,0
DA:174,0
DA:179,0
DA:180,0
DA:181,0
DA:182,0
DA:184,0
DA:185,0
DA:186,0
DA:189,0
DA:191,0
DA:196,0
DA:197,0
DA:201,0
DA:202,0
DA:203,0
DA:205,0
DA:206,0
DA:208,0
DA:209,0
DA:210,0
DA:211,0
DA:213,0
DA:214,0
DA:215,0
DA:216,0
DA:218,0
DA:220,0
DA:221,0
DA:223,0
DA:224,0
DA:226,0
DA:227,0
DA:230,0
DA:233,0
DA:234,0
DA:236,0
DA:238,0
DA:240,0
DA:242,0
DA:246,0
DA:247,0
DA:249,0
DA:251,0
DA:253,0
DA:255,0
DA:259,0
DA:297,0
DA:320,0
DA:321,0
DA:368,0
DA:375,0
DA:380,0
LF:105
LH:0
BRDA:37,0,0,0
BRDA:37,0,1,0
BRDA:45,1,0,0
BRDA:45,1,1,0
BRDA:74,2,0,0
BRDA:74,2,1,0
BRDA:121,3,0,0
BRDA:121,3,1,0
BRDA:136,4,0,0
BRDA:136,4,1,0
BRDA:158,5,0,0
BRDA:158,5,1,0
BRDA:160,6,0,0
BRDA:160,6,1,0
BRDA:160,7,0,0
BRDA:160,7,1,0
BRDA:202,8,0,0
BRDA:202,8,1,0
BRDA:202,9,0,0
BRDA:202,9,1,0
BRDA:205,10,0,0
BRDA:205,10,1,0
BRDA:205,11,0,0
BRDA:205,11,1,0
BRDA:208,12,0,0
BRDA:208,12,1,0
BRDA:210,13,0,0
BRDA:210,13,1,0
BRDA:210,14,0,0
BRDA:210,14,1,0
BRDA:211,15,0,0
BRDA:211,15,1,0
BRDA:211,16,0,0
BRDA:211,16,1,0
BRDA:213,17,0,0
BRDA:213,17,1,0
BRDA:218,18,0,0
BRDA:218,18,1,0
BRDA:218,18,2,0
BRDA:220,19,0,0
BRDA:220,19,1,0
BRDA:223,20,0,0
BRDA:223,20,1,0
BRDA:226,21,0,0
BRDA:226,21,1,0
BRDA:234,22,0,0
BRDA:234,22,1,0
BRDA:234,22,2,0
BRDA:234,22,3,0
BRDA:247,23,0,0
BRDA:247,23,1,0
BRDA:247,23,2,0
BRDA:247,23,3,0
BRDA:309,24,0,0
BRDA:309,24,1,0
BRDA:362,25,0,0
BRDA:362,25,1,0
BRDA:389,26,0,0
BRDA:389,26,1,0
BRF:59
BRH:0
end_of_record
TN:
SF:src\components\admin\notifications\AlertCenter.jsx
FN:5,(anonymous_0)
FN:6,(anonymous_1)
FN:19,(anonymous_2)
FN:32,(anonymous_3)
FN:45,(anonymous_4)
FN:85,(anonymous_5)
FN:134,(anonymous_6)
FN:141,(anonymous_7)
FN:185,(anonymous_8)
FN:186,(anonymous_9)
FN:190,(anonymous_10)
FN:190,(anonymous_11)
FN:196,(anonymous_12)
FN:196,(anonymous_13)
FNF:14
FNH:0
FNDA:0,(anonymous_0)
FNDA:0,(anonymous_1)
FNDA:0,(anonymous_2)
FNDA:0,(anonymous_3)
FNDA:0,(anonymous_4)
FNDA:0,(anonymous_5)
FNDA:0,(anonymous_6)
FNDA:0,(anonymous_7)
FNDA:0,(anonymous_8)
FNDA:0,(anonymous_9)
FNDA:0,(anonymous_10)
FNDA:0,(anonymous_11)
FNDA:0,(anonymous_12)
FNDA:0,(anonymous_13)
DA:5,0
DA:6,0
DA:7,0
DA:9,0
DA:11,0
DA:13,0
DA:15,0
DA:19,0
DA:20,0
DA:22,0
DA:24,0
DA:26,0
DA:28,0
DA:32,0
DA:33,0
DA:35,0
DA:37,0
DA:39,0
DA:41,0
DA:45,0
DA:46,0
DA:47,0
DA:48,0
DA:50,0
DA:51,0
DA:52,0
DA:55,0
DA:56,0
DA:59,0
DA:86,0
DA:134,0
DA:141,0
DA:185,0
DA:186,0
DA:190,0
DA:196,0
LF:36
LH:0
BRDA:7,0,0,0
BRDA:7,0,1,0
BRDA:7,0,2,0
BRDA:7,0,3,0
BRDA:20,1,0,0
BRDA:20,1,1,0
BRDA:20,1,2,0
BRDA:20,1,3,0
BRDA:33,2,0,0
BRDA:33,2,1,0
BRDA:33,2,2,0
BRDA:33,2,3,0
BRDA:50,3,0,0
BRDA:50,3,1,0
BRDA:51,4,0,0
BRDA:51,4,1,0
BRDA:55,5,0,0
BRDA:55,5,1,0
BRDA:71,6,0,0
BRDA:71,6,1,0
BRDA:109,7,0,0
BRDA:109,7,1,0
BRDA:110,8,0,0
BRDA:110,8,1,0
BRDA:155,9,0,0
BRDA:155,9,1,0
BRDA:160,10,0,0
BRDA:160,10,1,0
BRDA:165,11,0,0
BRDA:165,11,1,0
BRF:30
BRH:0
end_of_record
TN:
SF:src\components\admin\notifications\NotificationFilters.jsx
FN:5,(anonymous_0)
FN:36,(anonymous_1)
FN:40,(anonymous_2)
FN:49,(anonymous_3)
FN:114,(anonymous_4)
FN:123,(anonymous_5)
FN:141,(anonymous_6)
FN:144,(anonymous_7)
FN:158,(anonymous_8)
FN:165,(anonymous_9)
FN:182,(anonymous_10)
FN:185,(anonymous_11)
FN:198,(anonymous_12)
FN:204,(anonymous_13)
FN:210,(anonymous_14)
FN:237,(anonymous_15)
FNF:16
FNH:0
FNDA:0,(anonymous_0)
FNDA:0,(anonymous_1)
FNDA:0,(anonymous_2)
FNDA:0,(anonymous_3)
FNDA:0,(anonymous_4)
FNDA:0,(anonymous_5)
FNDA:0,(anonymous_6)
FNDA:0,(anonymous_7)
FNDA:0,(anonymous_8)
FNDA:0,(anonymous_9)
FNDA:0,(anonymous_10)
FNDA:0,(anonymous_11)
FNDA:0,(anonymous_12)
FNDA:0,(anonymous_13)
FNDA:0,(anonymous_14)
FNDA:0,(anonymous_15)
DA:5,0
DA:6,0
DA:13,0
DA:23,0
DA:29,0
DA:36,0
DA:37,0
DA:40,0
DA:41,0
DA:49,0
DA:50,0
DA:51,0
DA:52,0
DA:53,0
DA:54,0
DA:55,0
DA:58,0
DA:115,0
DA:116,0
DA:123,0
DA:141,0
DA:145,0
DA:159,0
DA:165,0
DA:182,0
DA:186,0
DA:198,0
DA:204,0
DA:210,0
DA:237,0
LF:30
LH:0
BRDA:51,0,0,0
BRDA:51,0,1,0
BRDA:52,1,0,0
BRDA:52,1,1,0
BRDA:53,2,0,0
BRDA:53,2,1,0
BRDA:54,3,0,0
BRDA:54,3,1,0
BRDA:66,4,0,0
BRDA:66,4,1,0
BRDA:72,5,0,0
BRDA:72,5,1,0
BRDA:85,6,0,0
BRDA:85,6,1,0
BRDA:95,7,0,0
BRDA:95,7,1,0
BRDA:126,8,0,0
BRDA:126,8,1,0
BRDA:219,9,0,0
BRDA:219,9,1,0
BRDA:227,10,0,0
BRDA:227,10,1,0
BRDA:230,11,0,0
BRDA:230,11,1,0
BRDA:233,12,0,0
BRDA:233,12,1,0
BRDA:236,13,0,0
BRDA:236,13,1,0
BRF:28
BRH:0
end_of_record
TN:
SF:src\components\admin\notifications\NotificationPanel.jsx
FN:5,(anonymous_0)
FN:8,(anonymous_1)
FN:21,(anonymous_2)
FN:34,(anonymous_3)
FN:53,(anonymous_4)
FN:64,(anonymous_5)
FN:71,(anonymous_6)
FN:106,(anonymous_7)
FN:121,(anonymous_8)
FN:136,(anonymous_9)
FN:181,(anonymous_10)
FN:189,(anonymous_11)
FN:233,(anonymous_12)
FN:240,(anonymous_13)
FN:250,(anonymous_14)
FN:293,(anonymous_15)
FN:305,(anonymous_16)
FN:316,(anonymous_17)
FNF:18
FNH:0
FNDA:0,(anonymous_0)
FNDA:0,(anonymous_1)
FNDA:0,(anonymous_2)
FNDA:0,(anonymous_3)
FNDA:0,(anonymous_4)
FNDA:0,(anonymous_5)
FNDA:0,(anonymous_6)
FNDA:0,(anonymous_7)
FNDA:0,(anonymous_8)
FNDA:0,(anonymous_9)
FNDA:0,(anonymous_10)
FNDA:0,(anonymous_11)
FNDA:0,(anonymous_12)
FNDA:0,(anonymous_13)
FNDA:0,(anonymous_14)
FNDA:0,(anonymous_15)
FNDA:0,(anonymous_16)
FNDA:0,(anonymous_17)
DA:5,0
DA:6,0
DA:8,0
DA:9,0
DA:11,0
DA:13,0
DA:15,0
DA:17,0
DA:21,0
DA:22,0
DA:24,0
DA:26,0
DA:28,0
DA:30,0
DA:34,0
DA:35,0
DA:37,0
DA:39,0
DA:41,0
DA:43,0
DA:45,0
DA:47,0
DA:49,0
DA:53,0
DA:54,0
DA:55,0
DA:56,0
DA:58,0
DA:59,0
DA:60,0
DA:61,0
DA:64,0
DA:65,0
DA:66,0
DA:68,0
DA:71,0
DA:72,0
DA:73,0
DA:76,0
DA:77,0
DA:96,0
DA:106,0
DA:122,0
DA:136,0
DA:181,0
DA:190,0
DA:233,0
DA:240,0
DA:250,0
DA:294,0
DA:306,0
DA:307,0
DA:309,0
DA:316,0
LF:54
LH:0
BRDA:9,0,0,0
BRDA:9,0,1,0
BRDA:9,0,2,0
BRDA:9,0,3,0
BRDA:22,1,0,0
BRDA:22,1,1,0
BRDA:22,1,2,0
BRDA:22,1,3,0
BRDA:35,2,0,0
BRDA:35,2,1,0
BRDA:35,2,2,0
BRDA:35,2,3,0
BRDA:35,2,4,0
BRDA:35,2,5,0
BRDA:35,2,6,0
BRDA:58,3,0,0
BRDA:58,3,1,0
BRDA:59,4,0,0
BRDA:59,4,1,0
BRDA:60,5,0,0
BRDA:60,5,1,0
BRDA:65,6,0,0
BRDA:65,6,1,0
BRDA:76,7,0,0
BRDA:76,7,1,0
BRDA:106,8,0,0
BRDA:106,8,1,0
BRDA:129,9,0,0
BRDA:129,9,1,0
BRDA:152,10,0,0
BRDA:152,10,1,0
BRDA:168,11,0,0
BRDA:168,11,1,0
BRDA:179,12,0,0
BRDA:179,12,1,0
BRDA:204,13,0,0
BRDA:204,13,1,0
BRDA:207,14,0,0
BRDA:207,14,1,0
BRDA:210,15,0,0
BRDA:210,15,1,0
BRDA:213,16,0,0
BRDA:213,16,1,0
BRDA:227,17,0,0
BRDA:227,17,1,0
BRDA:284,18,0,0
BRDA:284,18,1,0
BRDA:289,19,0,0
BRDA:289,19,1,0
BRDA:306,20,0,0
BRDA:306,20,1,0
BRDA:313,21,0,0
BRDA:313,21,1,0
BRF:53
BRH:0
end_of_record
TN:
SF:src\components\admin\notifications\NotificationSettings.jsx
FN:5,(anonymous_0)
FN:9,(anonymous_1)
FN:10,(anonymous_2)
FN:13,(anonymous_3)
FN:17,(anonymous_4)
FN:27,(anonymous_5)
FN:162,(anonymous_6)
FN:182,(anonymous_7)
FN:197,(anonymous_8)
FN:217,(anonymous_9)
FN:232,(anonymous_10)
FNF:11
FNH:0
FNDA:0,(anonymous_0)
FNDA:0,(anonymous_1)
FNDA:0,(anonymous_2)
FNDA:0,(anonymous_3)
FNDA:0,(anonymous_4)
FNDA:0,(anonymous_5)
FNDA:0,(anonymous_6)
FNDA:0,(anonymous_7)
FNDA:0,(anonymous_8)
FNDA:0,(anonymous_9)
FNDA:0,(anonymous_10)
DA:5,0
DA:6,0
DA:7,0
DA:9,0
DA:10,0
DA:13,0
DA:14,0
DA:15,0
DA:17,0
DA:18,0
DA:19,0
DA:21,0
DA:23,0
DA:27,0
DA:28,0
DA:38,0
DA:62,0
DA:89,0
DA:116,0
DA:163,0
DA:164,0
DA:182,0
DA:198,0
DA:199,0
DA:217,0
DA:233,0
DA:234,0
LF:27
LH:0
BRDA:140,0,0,0
BRDA:140,0,1,0
BRDA:144,1,0,0
BRDA:144,1,1,0
BRDA:312,2,0,0
BRDA:312,2,1,0
BRF:6
BRH:0
end_of_record
TN:
SF:src\components\admin\reports\ChartLibrary.jsx
FN:11,(anonymous_0)
FN:18,(anonymous_1)
FN:19,(anonymous_2)
FN:25,(anonymous_3)
FN:29,(anonymous_4)
FN:33,(anonymous_5)
FN:250,(anonymous_6)
FN:257,(anonymous_7)
FN:295,(anonymous_8)
FN:305,(anonymous_9)
FN:310,(anonymous_10)
FN:327,(anonymous_11)
FN:338,(anonymous_12)
FNF:13
FNH:0
FNDA:0,(anonymous_0)
FNDA:0,(anonymous_1)
FNDA:0,(anonymous_2)
FNDA:0,(anonymous_3)
FNDA:0,(anonymous_4)
FNDA:0,(anonymous_5)
FNDA:0,(anonymous_6)
FNDA:0,(anonymous_7)
FNDA:0,(anonymous_8)
FNDA:0,(anonymous_9)
FNDA:0,(anonymous_10)
FNDA:0,(anonymous_11)
FNDA:0,(anonymous_12)
DA:11,0
DA:12,0
DA:13,0
DA:14,0
DA:15,0
DA:18,0
DA:19,0
DA:20,0
DA:21,0
DA:24,0
DA:25,0
DA:28,0
DA:29,0
DA:32,0
DA:33,0
DA:35,0
DA:37,0
DA:39,0
DA:43,0
DA:46,0
DA:79,0
DA:250,0
DA:251,0
DA:252,0
DA:254,0
DA:257,0
DA:258,0
DA:259,0
DA:262,0
DA:263,0
DA:272,0
DA:295,0
DA:306,0
DA:307,0
DA:310,0
DA:328,0
DA:329,0
DA:338,0
LF:38
LH:0
BRDA:251,0,0,0
BRDA:251,0,1,0
BRDA:252,1,0,0
BRDA:252,1,1,0
BRDA:254,2,0,0
BRDA:254,2,1,0
BRDA:262,3,0,0
BRDA:262,3,1,0
BRDA:312,4,0,0
BRDA:312,4,1,0
BRDA:361,5,0,0
BRDA:361,5,1,0
BRF:12
BRH:0
end_of_record
TN:
SF:src\components\admin\reports\CustomReportBuilder.jsx
FN:17,(anonymous_0)
FN:39,(anonymous_1)
FN:40,(anonymous_2)
FN:64,(anonymous_3)
FN:78,(anonymous_4)
FN:90,(anonymous_5)
FN:98,(anonymous_6)
FN:121,(anonymous_7)
FN:122,(anonymous_8)
FN:124,(anonymous_9)
FN:131,(anonymous_10)
FN:132,(anonymous_11)
FN:134,(anonymous_12)
FN:140,(anonymous_13)
FN:153,(anonymous_14)
FN:168,(anonymous_15)
FN:182,(anonymous_16)
FN:207,(anonymous_17)
FN:212,(anonymous_18)
FN:217,(anonymous_19)
FN:222,(anonymous_20)
FN:259,(anonymous_21)
FN:270,(anonymous_22)
FN:284,(anonymous_23)
FN:291,(anonymous_24)
FN:320,(anonymous_25)
FN:327,(anonymous_26)
FN:332,(anonymous_27)
FN:357,(anonymous_28)
FN:364,(anonymous_29)
FN:367,(anonymous_30)
FN:395,(anonymous_31)
FN:434,(anonymous_32)
FN:441,(anonymous_33)
FN:445,(anonymous_34)
FN:457,(anonymous_35)
FN:464,(anonymous_36)
FN:469,(anonymous_37)
FN:481,(anonymous_38)
FN:488,(anonymous_39)
FN:492,(anonymous_40)
FN:504,(anonymous_41)
FN:511,(anonymous_42)
FN:514,(anonymous_43)
FN:527,(anonymous_44)
FNF:45
FNH:0
FNDA:0,(anonymous_0)
FNDA:0,(anonymous_1)
FNDA:0,(anonymous_2)
FNDA:0,(anonymous_3)
FNDA:0,(anonymous_4)
FNDA:0,(anonymous_5)
FNDA:0,(anonymous_6)
FNDA:0,(anonymous_7)
FNDA:0,(anonymous_8)
FNDA:0,(anonymous_9)
FNDA:0,(anonymous_10)
FNDA:0,(anonymous_11)
FNDA:0,(anonymous_12)
FNDA:0,(anonymous_13)
FNDA:0,(anonymous_14)
FNDA:0,(anonymous_15)
FNDA:0,(anonymous_16)
FNDA:0,(anonymous_17)
FNDA:0,(anonymous_18)
FNDA:0,(anonymous_19)
FNDA:0,(anonymous_20)
FNDA:0,(anonymous_21)
FNDA:0,(anonymous_22)
FNDA:0,(anonymous_23)
FNDA:0,(anonymous_24)
FNDA:0,(anonymous_25)
FNDA:0,(anonymous_26)
FNDA:0,(anonymous_27)
FNDA:0,(anonymous_28)
FNDA:0,(anonymous_29)
FNDA:0,(anonymous_30)
FNDA:0,(anonymous_31)
FNDA:0,(anonymous_32)
FNDA:0,(anonymous_33)
FNDA:0,(anonymous_34)
FNDA:0,(anonymous_35)
FNDA:0,(anonymous_36)
FNDA:0,(anonymous_37)
FNDA:0,(anonymous_38)
FNDA:0,(anonymous_39)
FNDA:0,(anonymous_40)
FNDA:0,(anonymous_41)
FNDA:0,(anonymous_42)
FNDA:0,(anonymous_43)
FNDA:0,(anonymous_44)
DA:17,0
DA:18,0
DA:28,0
DA:29,0
DA:30,0
DA:31,0
DA:32,0
DA:33,0
DA:34,0
DA:35,0
DA:36,0
DA:39,0
DA:40,0
DA:41,0
DA:43,0
DA:45,0
DA:50,0
DA:51,0
DA:52,0
DA:59,0
DA:64,0
DA:68,0
DA:70,0
DA:74,0
DA:78,0
DA:79,0
DA:90,0
DA:94,0
DA:98,0
DA:99,0
DA:106,0
DA:108,0
DA:110,0
DA:112,0
DA:114,0
DA:116,0
DA:121,0
DA:122,0
DA:125,0
DA:131,0
DA:132,0
DA:134,0
DA:136,0
DA:140,0
DA:141,0
DA:142,0
DA:151,0
DA:153,0
DA:160,0
DA:162,0
DA:163,0
DA:168,0
DA:169,0
DA:178,0
DA:182,0
DA:183,0
DA:184,0
DA:186,0
DA:187,0
DA:189,0
DA:190,0
DA:192,0
DA:193,0
DA:195,0
DA:196,0
DA:198,0
DA:201,0
DA:202,0
DA:207,0
DA:209,0
DA:212,0
DA:214,0
DA:217,0
DA:219,0
DA:222,0
DA:224,0
DA:227,0
DA:236,0
DA:259,0
DA:270,0
DA:284,0
DA:291,0
DA:320,0
DA:328,0
DA:329,0
DA:332,0
DA:357,0
DA:365,0
DA:367,0
DA:395,0
DA:434,0
DA:441,0
DA:445,0
DA:457,0
DA:464,0
DA:469,0
DA:481,0
DA:488,0
DA:492,0
DA:504,0
DA:511,0
DA:514,0
DA:527,0
DA:528,0
DA:537,0
DA:539,0
DA:545,0
DA:547,0
LF:108
LH:0
BRDA:41,0,0,0
BRDA:41,0,1,0
BRDA:50,1,0,0
BRDA:50,1,1,0
BRDA:106,2,0,0
BRDA:106,2,1,0
BRDA:106,2,2,0
BRDA:106,2,3,0
BRDA:106,2,4,0
BRDA:125,3,0,0
BRDA:125,3,1,0
BRDA:174,4,0,0
BRDA:174,4,1,0
BRDA:175,5,0,0
BRDA:175,5,1,0
BRDA:176,6,0,0
BRDA:176,6,1,0
BRDA:184,7,0,0
BRDA:184,7,1,0
BRDA:184,7,2,0
BRDA:184,7,3,0
BRDA:184,7,4,0
BRDA:261,8,0,0
BRDA:261,8,1,0
BRDA:272,9,0,0
BRDA:272,9,1,0
BRDA:372,10,0,0
BRDA:372,10,1,0
BRDA:376,11,0,0
BRDA:376,11,1,0
BRDA:428,12,0,0
BRDA:428,12,1,0
BRDA:451,13,0,0
BRDA:451,13,1,0
BRDA:475,14,0,0
BRDA:475,14,1,0
BRDA:498,15,0,0
BRDA:498,15,1,0
BRDA:537,16,0,0
BRDA:537,16,1,0
BRDA:537,16,2,0
BRF:41
BRH:0
end_of_record
TN:
SF:src\components\admin\reports\ExportPanel.jsx
FN:8,(anonymous_0)
FN:62,(anonymous_1)
FN:67,(anonymous_2)
FN:68,(anonymous_3)
FN:81,(anonymous_4)
FN:103,(anonymous_5)
FN:108,(anonymous_6)
FN:123,(anonymous_7)
FN:152,(anonymous_8)
FN:152,(anonymous_9)
FN:165,(anonymous_10)
FN:165,(anonymous_11)
FN:178,(anonymous_12)
FN:178,(anonymous_13)
FN:191,(anonymous_14)
FN:191,(anonymous_15)
FN:202,(anonymous_16)
FNF:17
FNH:0
FNDA:0,(anonymous_0)
FNDA:0,(anonymous_1)
FNDA:0,(anonymous_2)
FNDA:0,(anonymous_3)
FNDA:0,(anonymous_4)
FNDA:0,(anonymous_5)
FNDA:0,(anonymous_6)
FNDA:0,(anonymous_7)
FNDA:0,(anonymous_8)
FNDA:0,(anonymous_9)
FNDA:0,(anonymous_10)
FNDA:0,(anonymous_11)
FNDA:0,(anonymous_12)
FNDA:0,(anonymous_13)
FNDA:0,(anonymous_14)
FNDA:0,(anonymous_15)
FNDA:0,(anonymous_16)
DA:8,0
DA:9,0
DA:10,0
DA:17,0
DA:18,0
DA:20,0
DA:55,0
DA:62,0
DA:63,0
DA:64,0
DA:67,0
DA:68,0
DA:69,0
DA:70,0
DA:71,0
DA:72,0
DA:73,0
DA:74,0
DA:76,0
DA:81,0
DA:83,0
DA:104,0
DA:105,0
DA:108,0
DA:124,0
DA:152,0
DA:165,0
DA:178,0
DA:191,0
DA:203,0
LF:30
LH:0
BRDA:69,0,0,0
BRDA:69,0,1,0
BRDA:110,1,0,0
BRDA:110,1,1,0
BRDA:220,2,0,0
BRDA:220,2,1,0
BRDA:246,3,0,0
BRDA:246,3,1,0
BRDA:247,4,0,0
BRDA:247,4,1,0
BRDA:248,5,0,0
BRDA:248,5,1,0
BRDA:249,6,0,0
BRDA:249,6,1,0
BRDA:284,7,0,0
BRDA:284,7,1,0
BRF:16
BRH:0
end_of_record
TN:
SF:src\components\admin\reports\ReportCanvas.jsx
FN:6,(anonymous_0)
FN:19,(anonymous_1)
FN:24,(anonymous_2)
FN:28,(anonymous_3)
FN:29,(anonymous_4)
FN:40,(anonymous_5)
FN:45,(anonymous_6)
FN:61,(anonymous_7)
FN:67,(anonymous_8)
FN:73,(anonymous_9)
FN:110,(anonymous_10)
FN:111,(anonymous_11)
FN:135,(anonymous_12)
FN:189,(anonymous_13)
FN:194,(anonymous_14)
FN:252,(anonymous_15)
FN:260,(anonymous_16)
FN:262,(anonymous_17)
FN:284,(anonymous_18)
FN:291,(anonymous_19)
FN:297,(anonymous_20)
FN:336,(anonymous_21)
FN:356,(anonymous_22)
FNF:23
FNH:9
FNDA:22,(anonymous_0)
FNDA:0,(anonymous_1)
FNDA:0,(anonymous_2)
FNDA:0,(anonymous_3)
FNDA:0,(anonymous_4)
FNDA:0,(anonymous_5)
FNDA:45,(anonymous_6)
FNDA:0,(anonymous_7)
FNDA:0,(anonymous_8)
FNDA:0,(anonymous_9)
FNDA:0,(anonymous_10)
FNDA:0,(anonymous_11)
FNDA:44,(anonymous_12)
FNDA:0,(anonymous_13)
FNDA:30,(anonymous_14)
FNDA:3,(anonymous_15)
FNDA:2,(anonymous_16)
FNDA:6,(anonymous_17)
FNDA:22,(anonymous_18)
FNDA:0,(anonymous_19)
FNDA:0,(anonymous_20)
FNDA:45,(anonymous_21)
FNDA:0,(anonymous_22)
DA:6,1
DA:15,22
DA:16,22
DA:19,22
DA:20,0
DA:24,22
DA:25,0
DA:26,0
DA:27,0
DA:28,0
DA:29,0
DA:31,0
DA:32,0
DA:34,0
DA:36,0
DA:40,22
DA:41,0
DA:45,22
DA:46,45
DA:47,45
DA:50,45
DA:61,0
DA:67,0
DA:73,0
DA:100,45
DA:101,43
DA:110,0
DA:111,0
DA:120,2
DA:135,22
DA:136,44
DA:138,44
DA:140,26
DA:158,0
DA:182,15
DA:189,0
DA:195,30
DA:209,0
DA:232,1
DA:247,1
DA:253,3
DA:261,2
DA:263,6
DA:275,1
DA:284,22
DA:285,22
DA:291,0
DA:297,0
DA:314,22
DA:336,45
LF:50
LH:29
BRDA:26,0,0,0
BRDA:26,0,1,0
BRDA:26,1,0,0
BRDA:26,1,1,0
BRDA:52,2,0,1
BRDA:52,2,1,44
BRDA:53,3,0,45
BRDA:53,3,1,2
BRDA:58,4,0,45
BRDA:58,4,1,43
BRDA:64,5,0,42
BRDA:64,5,1,1
BRDA:84,6,0,45
BRDA:84,6,1,44
BRDA:85,7,0,42
BRDA:85,7,1,2
BRDA:92,8,0,45
BRDA:92,8,1,43
BRDA:100,9,0,43
BRDA:100,9,1,2
BRDA:113,10,0,43
BRDA:113,10,1,2
BRDA:127,11,0,2
BRDA:127,11,1,0
BRDA:136,12,0,44
BRDA:136,12,1,2
BRDA:138,13,0,26
BRDA:138,13,1,0
BRDA:138,13,2,15
BRDA:138,13,3,0
BRDA:138,13,4,1
BRDA:138,13,5,1
BRDA:138,13,6,1
BRDA:238,14,0,1
BRDA:238,14,1,1
BRDA:239,15,0,1
BRDA:239,15,1,0
BRDA:252,16,0,1
BRDA:252,16,1,0
BRDA:286,17,0,21
BRDA:286,17,1,1
BRDA:306,18,0,1
BRDA:306,18,1,1
BRDA:322,19,0,21
BRDA:322,19,1,1
BRDA:329,20,0,1
BRDA:329,20,1,21
BRDA:341,21,0,22
BRDA:341,21,1,1
BRDA:341,21,2,1
BRF:50
BRH:41
end_of_record
TN:
SF:src\components\admin\reports\ReportCard.jsx
FN:8,(anonymous_0)
FN:9,(anonymous_1)
FN:22,(anonymous_2)
FN:35,(anonymous_3)
FN:48,(anonymous_4)
FN:63,(anonymous_5)
FN:113,(anonymous_6)
FN:123,(anonymous_7)
FN:133,(anonymous_8)
FN:143,(anonymous_9)
FNF:10
FNH:0
FNDA:0,(anonymous_0)
FNDA:0,(anonymous_1)
FNDA:0,(anonymous_2)
FNDA:0,(anonymous_3)
FNDA:0,(anonymous_4)
FNDA:0,(anonymous_5)
FNDA:0,(anonymous_6)
FNDA:0,(anonymous_7)
FNDA:0,(anonymous_8)
FNDA:0,(anonymous_9)
DA:8,0
DA:9,0
DA:10,0
DA:12,0
DA:14,0
DA:16,0
DA:18,0
DA:22,0
DA:23,0
DA:25,0
DA:27,0
DA:29,0
DA:31,0
DA:35,0
DA:36,0
DA:38,0
DA:40,0
DA:42,0
DA:44,0
DA:48,0
DA:49,0
DA:50,0
DA:57,0
DA:63,0
DA:114,0
DA:115,0
DA:124,0
DA:134,0
DA:144,0
LF:29
LH:0
BRDA:10,0,0,0
BRDA:10,0,1,0
BRDA:10,0,2,0
BRDA:10,0,3,0
BRDA:23,1,0,0
BRDA:23,1,1,0
BRDA:23,1,2,0
BRDA:23,1,3,0
BRDA:36,2,0,0
BRDA:36,2,1,0
BRDA:36,2,2,0
BRDA:36,2,3,0
BRF:12
BRH:0
end_of_record
TN:
SF:src\components\admin\reports\ReportSettings.jsx
FN:5,(anonymous_0)
FN:41,(anonymous_1)
FN:45,(anonymous_2)
FN:51,(anonymous_3)
FN:54,(anonymous_4)
FN:72,(anonymous_5)
FN:92,(anonymous_6)
FN:106,(anonymous_7)
FN:119,(anonymous_8)
FN:125,(anonymous_9)
FN:128,(anonymous_10)
FN:153,(anonymous_11)
FN:167,(anonymous_12)
FN:190,(anonymous_13)
FN:201,(anonymous_14)
FN:210,(anonymous_15)
FN:216,(anonymous_16)
FN:251,(anonymous_17)
FN:263,(anonymous_18)
FN:275,(anonymous_19)
FN:284,(anonymous_20)
FN:290,(anonymous_21)
FN:293,(anonymous_22)
FN:351,(anonymous_23)
FN:385,(anonymous_24)
FN:390,(anonymous_25)
FNF:26
FNH:0
FNDA:0,(anonymous_0)
FNDA:0,(anonymous_1)
FNDA:0,(anonymous_2)
FNDA:0,(anonymous_3)
FNDA:0,(anonymous_4)
FNDA:0,(anonymous_5)
FNDA:0,(anonymous_6)
FNDA:0,(anonymous_7)
FNDA:0,(anonymous_8)
FNDA:0,(anonymous_9)
FNDA:0,(anonymous_10)
FNDA:0,(anonymous_11)
FNDA:0,(anonymous_12)
FNDA:0,(anonymous_13)
FNDA:0,(anonymous_14)
FNDA:0,(anonymous_15)
FNDA:0,(anonymous_16)
FNDA:0,(anonymous_17)
FNDA:0,(anonymous_18)
FNDA:0,(anonymous_19)
FNDA:0,(anonymous_20)
FNDA:0,(anonymous_21)
FNDA:0,(anonymous_22)
FNDA:0,(anonymous_23)
FNDA:0,(anonymous_24)
FNDA:0,(anonymous_25)
DA:5,0
DA:6,0
DA:8,0
DA:15,0
DA:22,0
DA:28,0
DA:35,0
DA:41,0
DA:42,0
DA:45,0
DA:46,0
DA:52,0
DA:54,0
DA:73,0
DA:92,0
DA:106,0
DA:119,0
DA:120,0
DA:126,0
DA:128,0
DA:153,0
DA:167,0
DA:190,0
DA:201,0
DA:210,0
DA:211,0
DA:217,0
DA:218,0
DA:251,0
DA:263,0
DA:275,0
DA:284,0
DA:285,0
DA:291,0
DA:293,0
DA:351,0
DA:352,0
DA:354,0
DA:356,0
DA:358,0
DA:360,0
DA:362,0
DA:366,0
DA:386,0
DA:387,0
DA:390,0
LF:46
LH:0
BRDA:56,0,0,0
BRDA:56,0,1,0
BRDA:91,1,0,0
BRDA:91,1,1,0
BRDA:105,2,0,0
BRDA:105,2,1,0
BRDA:130,3,0,0
BRDA:130,3,1,0
BRDA:143,4,0,0
BRDA:143,4,1,0
BRDA:152,5,0,0
BRDA:152,5,1,0
BRDA:166,6,0,0
BRDA:166,6,1,0
BRDA:189,7,0,0
BRDA:189,7,1,0
BRDA:200,8,0,0
BRDA:200,8,1,0
BRDA:295,9,0,0
BRDA:295,9,1,0
BRDA:352,10,0,0
BRDA:352,10,1,0
BRDA:352,10,2,0
BRDA:352,10,3,0
BRDA:352,10,4,0
BRDA:392,11,0,0
BRDA:392,11,1,0
BRF:27
BRH:0
end_of_record
TN:
SF:src\components\admin\reports\ScheduledReports.jsx
FN:11,(anonymous_0)
FN:29,(anonymous_1)
FN:30,(anonymous_2)
FN:38,(anonymous_3)
FN:56,(anonymous_4)
FN:70,(anonymous_5)
FN:96,(anonymous_6)
FN:129,(anonymous_7)
FN:135,(anonymous_8)
FN:136,(anonymous_9)
FN:137,(anonymous_10)
FN:141,(anonymous_11)
FN:141,(anonymous_12)
FN:152,(anonymous_13)
FN:157,(anonymous_14)
FN:157,(anonymous_15)
FN:164,(anonymous_16)
FN:174,(anonymous_17)
FN:174,(anonymous_18)
FN:206,(anonymous_19)
FN:215,(anonymous_20)
FN:244,(anonymous_21)
FN:273,(anonymous_22)
FN:281,(anonymous_23)
FN:334,(anonymous_24)
FN:341,(anonymous_25)
FN:348,(anonymous_26)
FN:355,(anonymous_27)
FN:376,(anonymous_28)
FN:386,(anonymous_29)
FN:393,(anonymous_30)
FN:412,(anonymous_31)
FN:412,(anonymous_32)
FN:424,(anonymous_33)
FN:424,(anonymous_34)
FN:439,(anonymous_35)
FN:439,(anonymous_36)
FN:442,(anonymous_37)
FN:457,(anonymous_38)
FN:457,(anonymous_39)
FN:460,(anonymous_40)
FN:476,(anonymous_41)
FN:476,(anonymous_42)
FN:488,(anonymous_43)
FN:493,(anonymous_44)
FN:493,(anonymous_45)
FN:515,(anonymous_46)
FN:515,(anonymous_47)
FN:517,(anonymous_48)
FN:529,(anonymous_49)
FNF:50
FNH:0
FNDA:0,(anonymous_0)
FNDA:0,(anonymous_1)
FNDA:0,(anonymous_2)
FNDA:0,(anonymous_3)
FNDA:0,(anonymous_4)
FNDA:0,(anonymous_5)
FNDA:0,(anonymous_6)
FNDA:0,(anonymous_7)
FNDA:0,(anonymous_8)
FNDA:0,(anonymous_9)
FNDA:0,(anonymous_10)
FNDA:0,(anonymous_11)
FNDA:0,(anonymous_12)
FNDA:0,(anonymous_13)
FNDA:0,(anonymous_14)
FNDA:0,(anonymous_15)
FNDA:0,(anonymous_16)
FNDA:0,(anonymous_17)
FNDA:0,(anonymous_18)
FNDA:0,(anonymous_19)
FNDA:0,(anonymous_20)
FNDA:0,(anonymous_21)
FNDA:0,(anonymous_22)
FNDA:0,(anonymous_23)
FNDA:0,(anonymous_24)
FNDA:0,(anonymous_25)
FNDA:0,(anonymous_26)
FNDA:0,(anonymous_27)
FNDA:0,(anonymous_28)
FNDA:0,(anonymous_29)
FNDA:0,(anonymous_30)
FNDA:0,(anonymous_31)
FNDA:0,(anonymous_32)
FNDA:0,(anonymous_33)
FNDA:0,(anonymous_34)
FNDA:0,(anonymous_35)
FNDA:0,(anonymous_36)
FNDA:0,(anonymous_37)
FNDA:0,(anonymous_38)
FNDA:0,(anonymous_39)
FNDA:0,(anonymous_40)
FNDA:0,(anonymous_41)
FNDA:0,(anonymous_42)
FNDA:0,(anonymous_43)
FNDA:0,(anonymous_44)
FNDA:0,(anonymous_45)
FNDA:0,(anonymous_46)
FNDA:0,(anonymous_47)
FNDA:0,(anonymous_48)
FNDA:0,(anonymous_49)
DA:11,0
DA:12,0
DA:13,0
DA:14,0
DA:15,0
DA:16,0
DA:29,0
DA:30,0
DA:31,0
DA:32,0
DA:38,0
DA:42,0
DA:44,0
DA:46,0
DA:50,0
DA:51,0
DA:56,0
DA:57,0
DA:58,0
DA:68,0
DA:70,0
DA:77,0
DA:78,0
DA:90,0
DA:91,0
DA:96,0
DA:97,0
DA:98,0
DA:100,0
DA:101,0
DA:103,0
DA:104,0
DA:105,0
DA:107,0
DA:108,0
DA:109,0
DA:110,0
DA:112,0
DA:113,0
DA:114,0
DA:117,0
DA:118,0
DA:119,0
DA:120,0
DA:121,0
DA:125,0
DA:129,0
DA:130,0
DA:131,0
DA:132,0
DA:135,0
DA:136,0
DA:137,0
DA:141,0
DA:142,0
DA:147,0
DA:152,0
DA:153,0
DA:155,0
DA:156,0
DA:157,0
DA:159,0
DA:164,0
DA:165,0
DA:167,0
DA:170,0
DA:174,0
DA:175,0
DA:180,0
DA:184,0
DA:190,0
DA:200,0
DA:206,0
DA:207,0
DA:208,0
DA:209,0
DA:210,0
DA:211,0
DA:215,0
DA:216,0
DA:217,0
DA:218,0
DA:219,0
DA:220,0
DA:224,0
DA:225,0
DA:234,0
DA:244,0
DA:273,0
DA:282,0
DA:334,0
DA:341,0
DA:348,0
DA:355,0
DA:377,0
DA:378,0
DA:386,0
DA:394,0
DA:395,0
DA:412,0
DA:424,0
DA:439,0
DA:443,0
DA:457,0
DA:461,0
DA:476,0
DA:489,0
DA:490,0
DA:493,0
DA:515,0
DA:517,0
DA:530,0
DA:531,0
LF:113
LH:0
BRDA:50,0,0,0
BRDA:50,0,1,0
BRDA:103,1,0,0
BRDA:103,1,1,0
BRDA:104,2,0,0
BRDA:104,2,1,0
BRDA:107,3,0,0
BRDA:107,3,1,0
BRDA:113,4,0,0
BRDA:113,4,1,0
BRDA:113,5,0,0
BRDA:113,5,1,0
BRDA:113,5,2,0
BRDA:118,6,0,0
BRDA:118,6,1,0
BRDA:120,7,0,0
BRDA:120,7,1,0
BRDA:131,8,0,0
BRDA:131,8,1,0
BRDA:134,9,0,0
BRDA:134,9,1,0
BRDA:142,10,0,0
BRDA:142,10,1,0
BRDA:153,11,0,0
BRDA:153,11,1,0
BRDA:175,12,0,0
BRDA:175,12,1,0
BRDA:207,13,0,0
BRDA:207,13,1,0
BRDA:207,13,2,0
BRDA:207,13,3,0
BRDA:216,14,0,0
BRDA:216,14,1,0
BRDA:216,14,2,0
BRDA:216,14,3,0
BRDA:224,15,0,0
BRDA:224,15,1,0
BRDA:261,16,0,0
BRDA:261,16,1,0
BRDA:303,17,0,0
BRDA:303,17,1,0
BRDA:304,18,0,0
BRDA:304,18,1,0
BRDA:305,19,0,0
BRDA:305,19,1,0
BRDA:311,20,0,0
BRDA:311,20,1,0
BRDA:319,21,0,0
BRDA:319,21,1,0
BRDA:325,22,0,0
BRDA:325,22,1,0
BRDA:343,23,0,0
BRDA:343,23,1,0
BRDA:345,24,0,0
BRDA:345,24,1,0
BRDA:370,25,0,0
BRDA:370,25,1,0
BRDA:370,25,2,0
BRDA:390,26,0,0
BRDA:390,26,1,0
BRDA:450,27,0,0
BRDA:450,27,1,0
BRDA:495,28,0,0
BRDA:495,28,1,0
BRDA:541,29,0,0
BRDA:541,29,1,0
BRF:66
BRH:0
end_of_record
TN:
SF:src\components\admin\shared\ActionDropdown.jsx
FN:6,(anonymous_0)
FN:10,(anonymous_1)
FN:15,(anonymous_2)
FN:22,(anonymous_3)
FN:31,(anonymous_4)
FN:46,(anonymous_5)
FNF:6
FNH:0
FNDA:0,(anonymous_0)
FNDA:0,(anonymous_1)
FNDA:0,(anonymous_2)
FNDA:0,(anonymous_3)
FNDA:0,(anonymous_4)
FNDA:0,(anonymous_5)
DA:6,0
DA:7,0
DA:8,0
DA:10,0
DA:11,0
DA:12,0
DA:15,0
DA:16,0
DA:19,0
DA:22,0
DA:32,0
DA:33,0
DA:47,0
DA:48,0
LF:14
LH:0
BRDA:28,0,0,0
BRDA:28,0,1,0
BRDA:57,1,0,0
BRDA:57,1,1,0
BRF:4
BRH:0
end_of_record
TN:
SF:src\components\admin\shared\ConfirmDialog.jsx
FN:3,(anonymous_0)
FNF:1
FNH:0
FNDA:0,(anonymous_0)
DA:3,0
DA:4,0
LF:2
LH:0
BRF:0
BRH:0
end_of_record
TN:
SF:src\components\admin\shared\DropdownActionMenu.jsx
FN:23,(anonymous_0)
FNF:1
FNH:0
FNDA:0,(anonymous_0)
DA:23,0
DA:33,0
DA:35,0
LF:3
LH:0
BRDA:33,0,0,0
BRDA:33,0,1,0
BRDA:47,1,0,0
BRDA:47,1,1,0
BRDA:65,2,0,0
BRDA:65,2,1,0
BRDA:80,3,0,0
BRDA:80,3,1,0
BRDA:95,4,0,0
BRDA:95,4,1,0
BRF:10
BRH:0
end_of_record
TN:
SF:src\components\admin\shared\Modal.jsx
FN:3,(anonymous_0)
FNF:1
FNH:0
FNDA:0,(anonymous_0)
DA:3,0
DA:4,0
LF:2
LH:0
BRF:0
BRH:0
end_of_record
TN:
SF:src\components\admin\shared\RoleBadge.jsx
FN:4,(anonymous_0)
FNF:1
FNH:0
FNDA:0,(anonymous_0)
DA:4,0
DA:5,0
DA:6,0
DA:7,0
DA:9,0
DA:11,0
DA:12,0
DA:13,0
DA:14,0
DA:16,0
DA:17,0
DA:18,0
DA:19,0
DA:21,0
DA:22,0
DA:23,0
DA:24,0
DA:26,0
DA:27,0
DA:28,0
DA:31,0
LF:21
LH:0
BRDA:9,0,0,0
BRDA:9,0,1,0
BRDA:9,0,2,0
BRDA:9,0,3,0
BRF:4
BRH:0
end_of_record
TN:
SF:src\components\admin\shared\StatusBadge.jsx
FN:4,(anonymous_0)
FNF:1
FNH:0
FNDA:0,(anonymous_0)
DA:4,0
DA:5,0
DA:6,0
DA:7,0
DA:9,0
DA:11,0
DA:12,0
DA:13,0
DA:14,0
DA:16,0
DA:17,0
DA:18,0
DA:19,0
DA:21,0
DA:22,0
DA:23,0
DA:24,0
DA:26,0
DA:27,0
DA:28,0
DA:29,0
DA:31,0
DA:32,0
DA:33,0
DA:36,0
LF:25
LH:0
BRDA:9,0,0,0
BRDA:9,0,1,0
BRDA:9,0,2,0
BRDA:9,0,3,0
BRDA:9,0,4,0
BRF:5
BRH:0
end_of_record
TN:
SF:src\components\admin\support\SupportInbox.jsx
FN:7,(anonymous_0)
FN:14,(anonymous_1)
FN:17,(anonymous_2)
FN:50,(anonymous_3)
FN:54,(anonymous_4)
FN:55,(anonymous_5)
FN:69,(anonymous_6)
FN:72,(anonymous_7)
FN:93,(anonymous_8)
FN:96,(anonymous_9)
FNF:10
FNH:0
FNDA:0,(anonymous_0)
FNDA:0,(anonymous_1)
FNDA:0,(anonymous_2)
FNDA:0,(anonymous_3)
FNDA:0,(anonymous_4)
FNDA:0,(anonymous_5)
FNDA:0,(anonymous_6)
FNDA:0,(anonymous_7)
FNDA:0,(anonymous_8)
FNDA:0,(anonymous_9)
DA:7,0
DA:8,0
DA:9,0
DA:10,0
DA:11,0
DA:14,0
DA:15,0
DA:17,0
DA:18,0
DA:20,0
DA:21,0
DA:22,0
DA:25,0
DA:26,0
DA:35,0
DA:36,0
DA:37,0
DA:38,0
DA:41,0
DA:46,0
DA:47,0
DA:50,0
DA:53,0
DA:54,0
DA:55,0
DA:57,0
DA:63,0
DA:70,0
DA:72,0
DA:94,0
DA:96,0
LF:31
LH:0
BRDA:25,0,0,0
BRDA:25,0,1,0
BRDA:37,1,0,0
BRDA:37,1,1,0
BRDA:38,2,0,0
BRDA:38,2,1,0
BRDA:54,3,0,0
BRDA:54,3,1,0
BRDA:74,4,0,0
BRDA:74,4,1,0
BRDA:79,5,0,0
BRDA:79,5,1,0
BRDA:87,6,0,0
BRDA:87,6,1,0
BRDA:89,7,0,0
BRDA:89,7,1,0
BRDA:107,8,0,0
BRDA:107,8,1,0
BRF:18
BRH:0
end_of_record
TN:
SF:src\components\admin\support\SupportThreadPage.jsx
FN:11,(anonymous_0)
FN:22,(anonymous_1)
FN:31,(anonymous_2)
FN:32,(anonymous_3)
FN:35,(anonymous_4)
FN:43,(anonymous_5)
FN:47,(anonymous_6)
FN:48,(anonymous_7)
FN:56,(anonymous_8)
FN:74,(anonymous_9)
FN:112,(anonymous_10)
FN:144,(anonymous_11)
FN:162,(anonymous_12)
FN:178,(anonymous_13)
FN:193,(anonymous_14)
FN:213,(anonymous_15)
FNF:16
FNH:0
FNDA:0,(anonymous_0)
FNDA:0,(anonymous_1)
FNDA:0,(anonymous_2)
FNDA:0,(anonymous_3)
FNDA:0,(anonymous_4)
FNDA:0,(anonymous_5)
FNDA:0,(anonymous_6)
FNDA:0,(anonymous_7)
FNDA:0,(anonymous_8)
FNDA:0,(anonymous_9)
FNDA:0,(anonymous_10)
FNDA:0,(anonymous_11)
FNDA:0,(anonymous_12)
FNDA:0,(anonymous_13)
FNDA:0,(anonymous_14)
FNDA:0,(anonymous_15)
DA:11,0
DA:12,0
DA:13,0
DA:14,0
DA:15,0
DA:16,0
DA:17,0
DA:18,0
DA:19,0
DA:22,0
DA:23,0
DA:25,0
DA:31,0
DA:32,0
DA:33,0
DA:35,0
DA:36,0
DA:43,0
DA:47,0
DA:48,0
DA:49,0
DA:50,0
DA:51,0
DA:52,0
DA:56,0
DA:57,0
DA:58,0
DA:59,0
DA:60,0
DA:62,0
DA:69,0
DA:70,0
DA:74,0
DA:75,0
DA:76,0
DA:77,0
DA:79,0
DA:80,0
DA:81,0
DA:82,0
DA:83,0
DA:84,0
DA:87,0
DA:96,0
DA:100,0
DA:101,0
DA:102,0
DA:104,0
DA:105,0
DA:107,0
DA:112,0
DA:113,0
DA:114,0
DA:117,0
DA:119,0
DA:123,0
DA:144,0
DA:163,0
DA:178,0
DA:193,0
DA:213,0
LF:61
LH:0
BRDA:23,0,0,0
BRDA:23,0,1,0
BRDA:51,1,0,0
BRDA:51,1,1,0
BRDA:59,2,0,0
BRDA:59,2,1,0
BRDA:60,3,0,0
BRDA:60,3,1,0
BRDA:76,4,0,0
BRDA:76,4,1,0
BRDA:76,5,0,0
BRDA:76,5,1,0
BRDA:76,5,2,0
BRDA:81,6,0,0
BRDA:81,6,1,0
BRDA:89,7,0,0
BRDA:89,7,1,0
BRDA:91,8,0,0
BRDA:91,8,1,0
BRDA:130,9,0,0
BRDA:130,9,1,0
BRDA:130,10,0,0
BRDA:130,10,1,0
BRDA:135,11,0,0
BRDA:135,11,1,0
BRDA:136,12,0,0
BRDA:136,12,1,0
BRDA:159,13,0,0
BRDA:159,13,1,0
BRDA:207,14,0,0
BRDA:207,14,1,0
BRF:31
BRH:0
end_of_record
TN:
SF:src\components\admin\tables\ApplicationTable.jsx
FN:3,(anonymous_0)
FNF:1
FNH:0
FNDA:0,(anonymous_0)
DA:3,0
DA:4,0
LF:2
LH:0
BRF:0
BRH:0
end_of_record
TN:
SF:src\components\admin\tables\JobTable.jsx
FN:18,(anonymous_0)
FN:21,(anonymous_1)
FN:22,(anonymous_2)
FN:24,(anonymous_3)
FN:30,(anonymous_4)
FN:43,(anonymous_5)
FN:49,(anonymous_6)
FN:54,(anonymous_7)
FN:55,(anonymous_8)
FN:56,(anonymous_9)
FN:57,(anonymous_10)
FN:59,(anonymous_11)
FN:69,(anonymous_12)
FN:73,(anonymous_13)
FN:77,(anonymous_14)
FN:86,(anonymous_15)
FN:95,(anonymous_16)
FN:105,(anonymous_17)
FN:140,(anonymous_18)
FN:152,(anonymous_19)
FN:168,(anonymous_20)
FN:249,(anonymous_21)
FN:250,(anonymous_22)
FN:251,(anonymous_23)
FN:255,(anonymous_24)
FN:256,(anonymous_25)
FN:260,(anonymous_26)
FN:261,(anonymous_27)
FN:265,(anonymous_28)
FN:266,(anonymous_29)
FN:270,(anonymous_30)
FN:271,(anonymous_31)
FN:275,(anonymous_32)
FN:296,(anonymous_33)
FN:300,(anonymous_34)
FN:304,(anonymous_35)
FN:319,(anonymous_36)
FN:319,(anonymous_37)
FN:320,(anonymous_38)
FN:320,(anonymous_39)
FN:321,(anonymous_40)
FN:321,(anonymous_41)
FN:322,(anonymous_42)
FN:322,(anonymous_43)
FN:323,(anonymous_44)
FN:323,(anonymous_45)
FN:324,(anonymous_46)
FNF:47
FNH:0
FNDA:0,(anonymous_0)
FNDA:0,(anonymous_1)
FNDA:0,(anonymous_2)
FNDA:0,(anonymous_3)
FNDA:0,(anonymous_4)
FNDA:0,(anonymous_5)
FNDA:0,(anonymous_6)
FNDA:0,(anonymous_7)
FNDA:0,(anonymous_8)
FNDA:0,(anonymous_9)
FNDA:0,(anonymous_10)
FNDA:0,(anonymous_11)
FNDA:0,(anonymous_12)
FNDA:0,(anonymous_13)
FNDA:0,(anonymous_14)
FNDA:0,(anonymous_15)
FNDA:0,(anonymous_16)
FNDA:0,(anonymous_17)
FNDA:0,(anonymous_18)
FNDA:0,(anonymous_19)
FNDA:0,(anonymous_20)
FNDA:0,(anonymous_21)
FNDA:0,(anonymous_22)
FNDA:0,(anonymous_23)
FNDA:0,(anonymous_24)
FNDA:0,(anonymous_25)
FNDA:0,(anonymous_26)
FNDA:0,(anonymous_27)
FNDA:0,(anonymous_28)
FNDA:0,(anonymous_29)
FNDA:0,(anonymous_30)
FNDA:0,(anonymous_31)
FNDA:0,(anonymous_32)
FNDA:0,(anonymous_33)
FNDA:0,(anonymous_34)
FNDA:0,(anonymous_35)
FNDA:0,(anonymous_36)
FNDA:0,(anonymous_37)
FNDA:0,(anonymous_38)
FNDA:0,(anonymous_39)
FNDA:0,(anonymous_40)
FNDA:0,(anonymous_41)
FNDA:0,(anonymous_42)
FNDA:0,(anonymous_43)
FNDA:0,(anonymous_44)
FNDA:0,(anonymous_45)
FNDA:0,(anonymous_46)
DA:18,0
DA:27,0
DA:28,0
DA:30,0
DA:31,0
DA:32,0
DA:33,0
DA:34,0
DA:35,0
DA:37,0
DA:38,0
DA:43,0
DA:44,0
DA:45,0
DA:46,0
DA:49,0
DA:50,0
DA:51,0
DA:54,0
DA:55,0
DA:56,0
DA:57,0
DA:59,0
DA:60,0
DA:61,0
DA:62,0
DA:64,0
DA:66,0
DA:69,0
DA:70,0
DA:71,0
DA:73,0
DA:77,0
DA:78,0
DA:79,0
DA:80,0
DA:81,0
DA:82,0
DA:86,0
DA:87,0
DA:88,0
DA:89,0
DA:90,0
DA:91,0
DA:95,0
DA:96,0
DA:97,0
DA:105,0
DA:106,0
DA:107,0
DA:108,0
DA:115,0
DA:141,0
DA:152,0
DA:168,0
DA:249,0
DA:251,0
DA:252,0
DA:256,0
DA:257,0
DA:261,0
DA:262,0
DA:266,0
DA:267,0
DA:271,0
DA:272,0
DA:275,0
DA:296,0
DA:300,0
DA:304,0
DA:319,0
DA:320,0
DA:321,0
DA:322,0
DA:323,0
DA:324,0
LF:76
LH:0
BRDA:20,0,0,0
BRDA:21,1,0,0
BRDA:22,2,0,0
BRDA:23,3,0,0
BRDA:24,4,0,0
BRDA:25,5,0,0
BRDA:31,6,0,0
BRDA:31,6,1,0
BRDA:61,7,0,0
BRDA:61,7,1,0
BRDA:70,8,0,0
BRDA:70,8,1,0
BRDA:78,9,0,0
BRDA:78,9,1,0
BRDA:78,9,2,0
BRDA:78,9,3,0
BRDA:87,10,0,0
BRDA:87,10,1,0
BRDA:87,10,2,0
BRDA:87,10,3,0
BRDA:96,11,0,0
BRDA:96,11,1,0
BRDA:106,12,0,0
BRDA:106,12,1,0
BRDA:107,13,0,0
BRDA:107,13,1,0
BRDA:123,14,0,0
BRDA:123,14,1,0
BRDA:144,15,0,0
BRDA:144,15,1,0
BRDA:159,16,0,0
BRDA:159,16,1,0
BRDA:160,17,0,0
BRDA:160,17,1,0
BRDA:165,18,0,0
BRDA:165,18,1,0
BRDA:168,19,0,0
BRDA:168,19,1,0
BRDA:172,20,0,0
BRDA:172,20,1,0
BRDA:181,21,0,0
BRDA:181,21,1,0
BRDA:184,22,0,0
BRDA:184,22,1,0
BRDA:184,22,2,0
BRDA:186,23,0,0
BRDA:186,23,1,0
BRDA:199,24,0,0
BRDA:199,24,1,0
BRDA:218,25,0,0
BRDA:218,25,1,0
BRDA:219,26,0,0
BRDA:219,26,1,0
BRDA:220,27,0,0
BRDA:220,27,1,0
BRDA:228,28,0,0
BRDA:228,28,1,0
BRDA:229,29,0,0
BRDA:229,29,1,0
BRDA:284,30,0,0
BRDA:284,30,1,0
BRDA:291,31,0,0
BRDA:291,31,1,0
BRDA:300,32,0,0
BRDA:300,32,1,0
BRDA:314,33,0,0
BRDA:314,33,1,0
BRDA:329,34,0,0
BRDA:329,34,1,0
BRF:69
BRH:0
end_of_record
TN:
SF:src\components\admin\tables\LogTable.jsx
FN:3,(anonymous_0)
FNF:1
FNH:0
FNDA:0,(anonymous_0)
DA:3,0
DA:4,0
LF:2
LH:0
BRF:0
BRH:0
end_of_record
TN:
SF:src\components\admin\tables\ReportTable.jsx
FN:3,(anonymous_0)
FNF:1
FNH:0
FNDA:0,(anonymous_0)
DA:3,0
DA:4,0
LF:2
LH:0
BRF:0
BRH:0
end_of_record
TN:
SF:src\components\admin\tables\UserTable.jsx
FN:6,(anonymous_0)
FN:7,(anonymous_1)
FN:11,(anonymous_2)
FN:27,(anonymous_3)
FNF:4
FNH:0
FNDA:0,(anonymous_0)
FNDA:0,(anonymous_1)
FNDA:0,(anonymous_2)
FNDA:0,(anonymous_3)
DA:6,0
DA:7,0
DA:8,0
DA:11,0
DA:12,0
DA:15,0
DA:28,0
LF:7
LH:0
BRF:0
BRH:0
end_of_record
TN:
SF:src\components\admin\users\AdminUsersAdvanced.jsx
FN:12,(anonymous_0)
FN:41,(anonymous_1)
FN:51,(anonymous_2)
FN:56,(anonymous_3)
FN:59,(anonymous_4)
FN:72,(anonymous_5)
FN:73,(anonymous_6)
FN:126,(anonymous_7)
FN:128,(anonymous_8)
FN:132,(anonymous_9)
FN:138,(anonymous_10)
FN:142,(anonymous_11)
FN:147,(anonymous_12)
FN:165,(anonymous_13)
FN:179,(anonymous_14)
FN:179,(anonymous_15)
FN:193,(anonymous_16)
FN:200,(anonymous_17)
FN:207,(anonymous_18)
FN:209,(anonymous_19)
FN:238,(anonymous_20)
FN:238,(anonymous_21)
FN:249,(anonymous_22)
FN:251,(anonymous_23)
FN:258,(anonymous_24)
FN:269,(anonymous_25)
FN:276,(anonymous_26)
FN:277,(anonymous_27)
FN:283,(anonymous_28)
FN:288,(anonymous_29)
FN:314,(anonymous_30)
FN:362,(anonymous_31)
FNF:32
FNH:0
FNDA:0,(anonymous_0)
FNDA:0,(anonymous_1)
FNDA:0,(anonymous_2)
FNDA:0,(anonymous_3)
FNDA:0,(anonymous_4)
FNDA:0,(anonymous_5)
FNDA:0,(anonymous_6)
FNDA:0,(anonymous_7)
FNDA:0,(anonymous_8)
FNDA:0,(anonymous_9)
FNDA:0,(anonymous_10)
FNDA:0,(anonymous_11)
FNDA:0,(anonymous_12)
FNDA:0,(anonymous_13)
FNDA:0,(anonymous_14)
FNDA:0,(anonymous_15)
FNDA:0,(anonymous_16)
FNDA:0,(anonymous_17)
FNDA:0,(anonymous_18)
FNDA:0,(anonymous_19)
FNDA:0,(anonymous_20)
FNDA:0,(anonymous_21)
FNDA:0,(anonymous_22)
FNDA:0,(anonymous_23)
FNDA:0,(anonymous_24)
FNDA:0,(anonymous_25)
FNDA:0,(anonymous_26)
FNDA:0,(anonymous_27)
FNDA:0,(anonymous_28)
FNDA:0,(anonymous_29)
FNDA:0,(anonymous_30)
FNDA:0,(anonymous_31)
DA:12,0
DA:13,0
DA:14,0
DA:15,0
DA:16,0
DA:17,0
DA:24,0
DA:30,0
DA:31,0
DA:32,0
DA:41,0
DA:42,0
DA:43,0
DA:44,0
DA:46,0
DA:47,0
DA:50,0
DA:51,0
DA:53,0
DA:54,0
DA:56,0
DA:59,0
DA:65,0
DA:67,0
DA:72,0
DA:73,0
DA:75,0
DA:76,0
DA:80,0
DA:81,0
DA:85,0
DA:86,0
DA:87,0
DA:88,0
DA:90,0
DA:92,0
DA:93,0
DA:95,0
DA:96,0
DA:98,0
DA:99,0
DA:104,0
DA:105,0
DA:106,0
DA:111,0
DA:112,0
DA:113,0
DA:114,0
DA:116,0
DA:117,0
DA:121,0
DA:126,0
DA:127,0
DA:128,0
DA:132,0
DA:133,0
DA:138,0
DA:142,0
DA:143,0
DA:147,0
DA:148,0
DA:149,0
DA:150,0
DA:153,0
DA:165,0
DA:177,0
DA:179,0
DA:182,0
DA:183,0
DA:184,0
DA:185,0
DA:186,0
DA:187,0
DA:188,0
DA:189,0
DA:190,0
DA:193,0
DA:194,0
DA:195,0
DA:196,0
DA:200,0
DA:201,0
DA:203,0
DA:204,0
DA:205,0
DA:207,0
DA:208,0
DA:209,0
DA:211,0
DA:213,0
DA:214,0
DA:216,0
DA:217,0
DA:219,0
DA:220,0
DA:225,0
DA:226,0
DA:235,0
DA:238,0
DA:239,0
DA:241,0
DA:243,0
DA:244,0
DA:249,0
DA:250,0
DA:251,0
DA:253,0
DA:258,0
DA:259,0
DA:260,0
DA:261,0
DA:263,0
DA:265,0
DA:269,0
DA:270,0
DA:271,0
DA:276,0
DA:277,0
DA:278,0
DA:283,0
DA:284,0
DA:288,0
DA:289,0
DA:290,0
DA:293,0
DA:314,0
DA:362,0
LF:127
LH:0
BRDA:41,0,0,0
BRDA:46,1,0,0
BRDA:46,1,1,0
BRDA:46,2,0,0
BRDA:46,2,1,0
BRDA:53,3,0,0
BRDA:53,3,1,0
BRDA:62,4,0,0
BRDA:62,4,1,0
BRDA:75,5,0,0
BRDA:75,5,1,0
BRDA:75,6,0,0
BRDA:75,6,1,0
BRDA:80,7,0,0
BRDA:80,7,1,0
BRDA:80,8,0,0
BRDA:80,8,1,0
BRDA:85,9,0,0
BRDA:85,9,1,0
BRDA:86,10,0,0
BRDA:86,10,1,0
BRDA:90,11,0,0
BRDA:90,11,1,0
BRDA:90,11,2,0
BRDA:92,12,0,0
BRDA:92,12,1,0
BRDA:95,13,0,0
BRDA:95,13,1,0
BRDA:98,14,0,0
BRDA:98,14,1,0
BRDA:104,15,0,0
BRDA:104,15,1,0
BRDA:104,16,0,0
BRDA:104,16,1,0
BRDA:105,17,0,0
BRDA:105,17,1,0
BRDA:111,18,0,0
BRDA:111,18,1,0
BRDA:113,19,0,0
BRDA:113,19,1,0
BRDA:113,20,0,0
BRDA:113,20,1,0
BRDA:114,21,0,0
BRDA:114,21,1,0
BRDA:116,22,0,0
BRDA:116,22,1,0
BRDA:116,23,0,0
BRDA:116,23,1,0
BRDA:148,24,0,0
BRDA:148,24,1,0
BRDA:167,25,0,0
BRDA:167,25,1,0
BRDA:167,25,2,0
BRDA:168,26,0,0
BRDA:168,26,1,0
BRDA:168,26,2,0
BRDA:169,27,0,0
BRDA:169,27,1,0
BRDA:170,28,0,0
BRDA:170,28,1,0
BRDA:171,29,0,0
BRDA:171,29,1,0
BRDA:172,30,0,0
BRDA:172,30,1,0
BRDA:194,31,0,0
BRDA:194,31,1,0
BRDA:195,32,0,0
BRDA:195,32,1,0
BRDA:201,33,0,0
BRDA:201,33,1,0
BRDA:211,34,0,0
BRDA:211,34,1,0
BRDA:211,34,2,0
BRDA:229,35,0,0
BRDA:229,35,1,0
BRDA:250,36,0,0
BRDA:250,36,1,0
BRDA:260,37,0,0
BRDA:260,37,1,0
BRDA:270,38,0,0
BRDA:270,38,1,0
BRDA:270,39,0,0
BRDA:270,39,1,0
BRDA:278,40,0,0
BRDA:278,40,1,0
BRDA:318,41,0,0
BRDA:318,41,1,0
BRDA:353,42,0,0
BRDA:353,42,1,0
BRDA:390,43,0,0
BRDA:390,43,1,0
BRF:91
BRH:0
end_of_record
TN:
SF:src\components\admin\users\UserBulkActions.jsx
FN:3,(anonymous_0)
FN:6,(anonymous_1)
FN:7,(anonymous_2)
FN:8,(anonymous_3)
FNF:4
FNH:0
FNDA:0,(anonymous_0)
FNDA:0,(anonymous_1)
FNDA:0,(anonymous_2)
FNDA:0,(anonymous_3)
DA:3,0
DA:4,0
DA:6,0
DA:7,0
DA:8,0
LF:5
LH:0
BRF:0
BRH:0
end_of_record
TN:
SF:src\components\admin\users\UserFilterPanel.jsx
FN:5,(anonymous_0)
FN:10,(anonymous_1)
FN:14,(anonymous_2)
FN:24,(anonymous_3)
FN:32,(anonymous_4)
FN:78,(anonymous_5)
FN:112,(anonymous_6)
FN:123,(anonymous_7)
FN:132,(anonymous_8)
FN:149,(anonymous_9)
FN:158,(anonymous_10)
FN:177,(anonymous_11)
FN:180,(anonymous_12)
FN:198,(anonymous_13)
FN:212,(anonymous_14)
FN:218,(anonymous_15)
FN:221,(anonymous_16)
FN:238,(anonymous_17)
FN:243,(anonymous_18)
FNF:19
FNH:0
FNDA:0,(anonymous_0)
FNDA:0,(anonymous_1)
FNDA:0,(anonymous_2)
FNDA:0,(anonymous_3)
FNDA:0,(anonymous_4)
FNDA:0,(anonymous_5)
FNDA:0,(anonymous_6)
FNDA:0,(anonymous_7)
FNDA:0,(anonymous_8)
FNDA:0,(anonymous_9)
FNDA:0,(anonymous_10)
FNDA:0,(anonymous_11)
FNDA:0,(anonymous_12)
FNDA:0,(anonymous_13)
FNDA:0,(anonymous_14)
FNDA:0,(anonymous_15)
FNDA:0,(anonymous_16)
FNDA:0,(anonymous_17)
FNDA:0,(anonymous_18)
DA:5,0
DA:6,0
DA:7,0
DA:8,0
DA:10,0
DA:11,0
DA:14,0
DA:15,0
DA:24,0
DA:25,0
DA:26,0
DA:27,0
DA:28,0
DA:32,0
DA:33,0
DA:34,0
DA:35,0
DA:36,0
DA:37,0
DA:38,0
DA:39,0
DA:42,0
DA:49,0
DA:55,0
DA:62,0
DA:78,0
DA:112,0
DA:124,0
DA:125,0
DA:132,0
DA:150,0
DA:151,0
DA:158,0
DA:177,0
DA:181,0
DA:198,0
DA:212,0
DA:219,0
DA:221,0
DA:238,0
DA:243,0
LF:41
LH:0
BRDA:25,0,0,0
BRDA:25,0,1,0
BRDA:34,1,0,0
BRDA:34,1,1,0
BRDA:35,2,0,0
BRDA:35,2,1,0
BRDA:36,3,0,0
BRDA:36,3,1,0
BRDA:37,4,0,0
BRDA:37,4,1,0
BRDA:38,5,0,0
BRDA:38,5,1,0
BRDA:70,6,0,0
BRDA:70,6,1,0
BRDA:82,7,0,0
BRDA:82,7,1,0
BRDA:93,8,0,0
BRDA:93,8,1,0
BRDA:230,9,0,0
BRDA:230,9,1,0
BRF:20
BRH:0
end_of_record
TN:
SF:src\components\admin\users\UserListTable.jsx
FN:3,(anonymous_0)
FN:8,(anonymous_1)
FN:11,(anonymous_2)
FN:16,(anonymous_3)
FN:22,(anonymous_4)
FNF:5
FNH:0
FNDA:0,(anonymous_0)
FNDA:0,(anonymous_1)
FNDA:0,(anonymous_2)
FNDA:0,(anonymous_3)
FNDA:0,(anonymous_4)
DA:3,0
DA:4,0
DA:8,0
DA:12,0
DA:16,0
DA:22,0
LF:6
LH:0
BRDA:7,0,0,0
BRDA:7,0,1,0
BRF:2
BRH:0
end_of_record
TN:
SF:src\components\admin\users\UserProfileHoverCard.jsx
FN:3,(anonymous_0)
FNF:1
FNH:0
FNDA:0,(anonymous_0)
DA:3,0
DA:4,0
LF:2
LH:0
BRF:0
BRH:0
end_of_record
TN:
SF:src\components\common\DashboardCard.jsx
FNF:0
FNH:0
LF:0
LH:0
BRF:0
BRH:0
end_of_record
TN:
SF:src\components\common\ErrorBoundary.jsx
FN:23,(anonymous_0)
FN:37,(anonymous_1)
FN:45,(anonymous_2)
FN:58,(anonymous_3)
FN:74,(anonymous_4)
FNF:5
FNH:5
FNDA:14,(anonymous_0)
FNDA:12,(anonymous_1)
FNDA:6,(anonymous_2)
FNDA:31,(anonymous_3)
FNDA:1,(anonymous_4)
DA:24,14
DA:25,13
DA:38,12
DA:46,6
DA:52,6
DA:59,31
DA:60,18
DA:74,1
DA:94,13
LF:9
LH:9
BRDA:59,0,0,18
BRDA:59,0,1,13
BRDA:71,1,0,18
BRDA:71,1,1,0
BRDA:80,2,0,18
BRDA:80,2,1,9
BRF:6
BRH:5
end_of_record
TN:
SF:src\components\common\LoadingSpinner.jsx
FN:3,(anonymous_0)
FNF:1
FNH:0
FNDA:0,(anonymous_0)
DA:3,0
DA:4,0
LF:2
LH:0
BRF:0
BRH:0
end_of_record
TN:
SF:src\components\common\MaintenanceOverlay.jsx
FN:7,(anonymous_0)
FN:11,(anonymous_1)
FN:14,(anonymous_2)
FNF:3
FNH:0
FNDA:0,(anonymous_0)
FNDA:0,(anonymous_1)
FNDA:0,(anonymous_2)
DA:7,0
DA:8,0
DA:9,0
DA:11,0
DA:12,0
DA:14,0
DA:15,0
DA:17,0
DA:18,0
DA:19,0
DA:20,0
DA:23,0
DA:24,0
DA:25,0
DA:29,0
DA:34,0
DA:36,0
LF:17
LH:0
BRDA:12,0,0,0
BRDA:12,0,1,0
BRDA:12,1,0,0
BRDA:12,1,1,0
BRDA:17,2,0,0
BRDA:17,2,1,0
BRDA:19,3,0,0
BRDA:19,3,1,0
BRDA:23,4,0,0
BRDA:23,4,1,0
BRDA:23,5,0,0
BRDA:23,5,1,0
BRDA:25,6,0,0
BRDA:25,6,1,0
BRDA:29,7,0,0
BRDA:29,7,1,0
BRDA:34,8,0,0
BRDA:34,8,1,0
BRF:18
BRH:0
end_of_record
TN:
SF:src\components\common\MessagePreview.jsx
FNF:0
FNH:0
LF:0
LH:0
BRF:0
BRH:0
end_of_record
TN:
SF:src\components\common\OptimizedImage.jsx
FN:5,OptimizedImage
FN:12,(anonymous_1)
FN:16,(anonymous_2)
FNF:3
FNH:2
FNDA:8,OptimizedImage
FNDA:4,(anonymous_1)
FNDA:0,(anonymous_2)
DA:6,8
DA:7,8
DA:12,8
DA:13,4
DA:14,0
DA:15,0
DA:16,0
DA:20,8
DA:49,1
LF:9
LH:6
BRDA:13,0,0,0
BRDA:13,0,1,4
BRDA:31,1,0,8
BRDA:31,1,1,0
BRDA:39,2,0,0
BRDA:39,2,1,0
BRF:6
BRH:2
end_of_record
TN:
SF:src\components\common\SearchBar.jsx
FN:10,(anonymous_0)
FN:64,(anonymous_1)
FN:72,(anonymous_2)
FN:73,(anonymous_3)
FN:80,(anonymous_4)
FN:83,(anonymous_5)
FN:90,(anonymous_6)
FN:94,(anonymous_7)
FN:102,(anonymous_8)
FN:103,(anonymous_9)
FN:112,(anonymous_10)
FN:113,(anonymous_11)
FN:117,(anonymous_12)
FN:123,(anonymous_13)
FN:143,(anonymous_14)
FN:170,(anonymous_15)
FN:171,(anonymous_16)
FN:176,(anonymous_17)
FN:192,(anonymous_18)
FN:196,(anonymous_19)
FN:218,(anonymous_20)
FN:219,(anonymous_21)
FN:224,(anonymous_22)
FN:240,(anonymous_23)
FN:244,(anonymous_24)
FN:261,(anonymous_25)
FN:261,(anonymous_26)
FN:263,(anonymous_27)
FN:300,(anonymous_28)
FN:306,(anonymous_29)
FN:330,(anonymous_30)
FN:341,(anonymous_31)
FNF:32
FNH:0
FNDA:0,(anonymous_0)
FNDA:0,(anonymous_1)
FNDA:0,(anonymous_2)
FNDA:0,(anonymous_3)
FNDA:0,(anonymous_4)
FNDA:0,(anonymous_5)
FNDA:0,(anonymous_6)
FNDA:0,(anonymous_7)
FNDA:0,(anonymous_8)
FNDA:0,(anonymous_9)
FNDA:0,(anonymous_10)
FNDA:0,(anonymous_11)
FNDA:0,(anonymous_12)
FNDA:0,(anonymous_13)
FNDA:0,(anonymous_14)
FNDA:0,(anonymous_15)
FNDA:0,(anonymous_16)
FNDA:0,(anonymous_17)
FNDA:0,(anonymous_18)
FNDA:0,(anonymous_19)
FNDA:0,(anonymous_20)
FNDA:0,(anonymous_21)
FNDA:0,(anonymous_22)
FNDA:0,(anonymous_23)
FNDA:0,(anonymous_24)
FNDA:0,(anonymous_25)
FNDA:0,(anonymous_26)
FNDA:0,(anonymous_27)
FNDA:0,(anonymous_28)
FNDA:0,(anonymous_29)
FNDA:0,(anonymous_30)
FNDA:0,(anonymous_31)
DA:10,0
DA:11,0
DA:12,0
DA:17,0
DA:18,0
DA:19,0
DA:20,0
DA:21,0
DA:23,0
DA:41,0
DA:52,0
DA:64,0
DA:65,0
DA:66,0
DA:67,0
DA:72,0
DA:73,0
DA:74,0
DA:75,0
DA:79,0
DA:80,0
DA:83,0
DA:84,0
DA:86,0
DA:88,0
DA:90,0
DA:91,0
DA:94,0
DA:95,0
DA:98,0
DA:102,0
DA:103,0
DA:105,0
DA:106,0
DA:107,0
DA:108,0
DA:112,0
DA:113,0
DA:114,0
DA:117,0
DA:118,0
DA:121,0
DA:122,0
DA:123,0
DA:124,0
DA:125,0
DA:129,0
DA:138,0
DA:143,0
DA:144,0
DA:145,0
DA:148,0
DA:170,0
DA:171,0
DA:176,0
DA:193,0
DA:196,0
DA:218,0
DA:219,0
DA:224,0
DA:241,0
DA:244,0
DA:261,0
DA:264,0
DA:301,0
DA:308,0
DA:309,0
DA:330,0
DA:341,0
LF:69
LH:0
BRDA:66,0,0,0
BRDA:66,0,1,0
BRDA:74,1,0,0
BRDA:74,1,1,0
BRDA:74,2,0,0
BRDA:74,2,1,0
BRDA:84,3,0,0
BRDA:84,3,1,0
BRDA:88,4,0,0
BRDA:88,4,1,0
BRDA:88,4,2,0
BRDA:105,5,0,0
BRDA:105,5,1,0
BRDA:105,6,0,0
BRDA:105,6,1,0
BRDA:122,7,0,0
BRDA:122,7,1,0
BRDA:173,8,0,0
BRDA:173,8,1,0
BRDA:185,9,0,0
BRDA:185,9,1,0
BRDA:185,9,2,0
BRDA:221,10,0,0
BRDA:221,10,1,0
BRDA:233,11,0,0
BRDA:233,11,1,0
BRDA:233,11,2,0
BRDA:289,12,0,0
BRDA:289,12,1,0
BRDA:310,13,0,0
BRDA:310,13,1,0
BRDA:311,14,0,0
BRDA:311,14,1,0
BRDA:312,15,0,0
BRDA:312,15,1,0
BRDA:334,16,0,0
BRDA:334,16,1,0
BRDA:350,17,0,0
BRDA:350,17,1,0
BRF:39
BRH:0
end_of_record
TN:
SF:src\components\common\Skeleton.jsx
FN:3,(anonymous_0)
FNF:1
FNH:0
FNDA:0,(anonymous_0)
DA:3,0
DA:4,0
LF:2
LH:0
BRF:0
BRH:0
end_of_record
TN:
SF:src\components\common\Title.jsx
FNF:0
FNH:0
DA:1,0
LF:1
LH:0
BRF:0
BRH:0
end_of_record
TN:
SF:src\components\common\Topbar.jsx
FN:8,(anonymous_0)
FN:11,(anonymous_1)
FN:111,(anonymous_2)
FN:123,(anonymous_3)
FN:135,(anonymous_4)
FN:137,(anonymous_5)
FNF:6
FNH:0
FNDA:0,(anonymous_0)
FNDA:0,(anonymous_1)
FNDA:0,(anonymous_2)
FNDA:0,(anonymous_3)
FNDA:0,(anonymous_4)
FNDA:0,(anonymous_5)
DA:8,0
DA:9,0
DA:11,0
DA:12,0
DA:13,0
DA:16,0
DA:112,0
DA:124,0
DA:136,0
DA:139,0
LF:10
LH:0
BRDA:115,0,0,0
BRDA:115,0,1,0
BRDA:127,1,0,0
BRDA:127,1,1,0
BRDA:142,2,0,0
BRDA:142,2,1,0
BRF:6
BRH:0
end_of_record
TN:
SF:src\components\common\UserAvatar.jsx
FN:9,(anonymous_0)
FN:17,(anonymous_1)
FN:22,(anonymous_2)
FN:40,(anonymous_3)
FN:59,(anonymous_4)
FN:65,(anonymous_5)
FN:66,(anonymous_6)
FN:72,(anonymous_7)
FN:76,(anonymous_8)
FN:81,(anonymous_9)
FN:88,(anonymous_10)
FN:88,(anonymous_11)
FN:132,(anonymous_12)
FNF:13
FNH:0
FNDA:0,(anonymous_0)
FNDA:0,(anonymous_1)
FNDA:0,(anonymous_2)
FNDA:0,(anonymous_3)
FNDA:0,(anonymous_4)
FNDA:0,(anonymous_5)
FNDA:0,(anonymous_6)
FNDA:0,(anonymous_7)
FNDA:0,(anonymous_8)
FNDA:0,(anonymous_9)
FNDA:0,(anonymous_10)
FNDA:0,(anonymous_11)
FNDA:0,(anonymous_12)
DA:9,0
DA:10,0
DA:11,0
DA:12,0
DA:13,0
DA:14,0
DA:17,0
DA:18,0
DA:19,0
DA:20,0
DA:22,0
DA:23,0
DA:25,0
DA:26,0
DA:27,0
DA:29,0
DA:30,0
DA:32,0
DA:33,0
DA:36,0
DA:38,0
DA:39,0
DA:40,0
DA:41,0
DA:44,0
DA:54,0
DA:58,0
DA:59,0
DA:60,0
DA:65,0
DA:66,0
DA:67,0
DA:68,0
DA:71,0
DA:72,0
DA:76,0
DA:77,0
DA:78,0
DA:81,0
DA:82,0
DA:84,0
DA:88,0
DA:133,0
DA:134,0
DA:135,0
LF:45
LH:0
BRDA:9,0,0,0
BRDA:22,1,0,0
BRDA:23,2,0,0
BRDA:23,2,1,0
BRDA:23,3,0,0
BRDA:23,3,1,0
BRDA:29,4,0,0
BRDA:29,4,1,0
BRDA:30,5,0,0
BRDA:30,5,1,0
BRDA:33,6,0,0
BRDA:33,6,1,0
BRDA:38,7,0,0
BRDA:38,7,1,0
BRDA:38,8,0,0
BRDA:38,8,1,0
BRDA:44,9,0,0
BRDA:44,9,1,0
BRDA:51,10,0,0
BRDA:51,10,1,0
BRDA:54,11,0,0
BRDA:54,11,1,0
BRDA:67,12,0,0
BRDA:67,12,1,0
BRDA:67,13,0,0
BRDA:67,13,1,0
BRDA:81,14,0,0
BRDA:81,14,1,0
BRDA:82,15,0,0
BRDA:82,15,1,0
BRDA:91,16,0,0
BRDA:91,16,1,0
BRDA:100,17,0,0
BRDA:100,17,1,0
BRDA:102,18,0,0
BRDA:102,18,1,0
BRDA:104,19,0,0
BRDA:104,19,1,0
BRDA:109,20,0,0
BRDA:109,20,1,0
BRDA:111,21,0,0
BRDA:111,21,1,0
BRDA:113,22,0,0
BRDA:113,22,1,0
BRDA:122,23,0,0
BRDA:122,23,1,0
BRDA:122,24,0,0
BRDA:122,24,1,0
BRDA:126,25,0,0
BRDA:126,25,1,0
BRDA:129,26,0,0
BRDA:129,26,1,0
BRDA:147,27,0,0
BRDA:147,27,1,0
BRF:54
BRH:0
end_of_record
TN:
SF:src\components\dashboard\ActivityFeed.jsx
FN:3,(anonymous_0)
FNF:1
FNH:0
FNDA:0,(anonymous_0)
DA:3,0
DA:4,0
LF:2
LH:0
BRF:0
BRH:0
end_of_record
TN:
SF:src\components\dashboard\AdminCard.jsx
FN:3,(anonymous_0)
FNF:1
FNH:0
FNDA:0,(anonymous_0)
DA:3,0
DA:4,0
LF:2
LH:0
BRF:0
BRH:0
end_of_record
TN:
SF:src\components\dashboard\AdminChart.jsx
FN:3,(anonymous_0)
FNF:1
FNH:0
FNDA:0,(anonymous_0)
DA:3,0
DA:4,0
LF:2
LH:0
BRF:0
BRH:0
end_of_record
TN:
SF:src\components\employer\dashboard\DashboardEmployerLayout.jsx
FN:16,(anonymous_0)
FNF:1
FNH:0
FNDA:0,(anonymous_0)
DA:16,0
DA:17,0
LF:2
LH:0
BRF:0
BRH:0
end_of_record
TN:
SF:src\components\employer\dashboard\EditJobModal.jsx
FN:6,(anonymous_0)
FN:11,(anonymous_1)
FN:18,(anonymous_2)
FN:22,(anonymous_3)
FN:24,(anonymous_4)
FN:29,(anonymous_5)
FN:35,(anonymous_6)
FN:50,(anonymous_7)
FN:66,(anonymous_8)
FNF:9
FNH:0
FNDA:0,(anonymous_0)
FNDA:0,(anonymous_1)
FNDA:0,(anonymous_2)
FNDA:0,(anonymous_3)
FNDA:0,(anonymous_4)
FNDA:0,(anonymous_5)
FNDA:0,(anonymous_6)
FNDA:0,(anonymous_7)
FNDA:0,(anonymous_8)
DA:6,0
DA:7,0
DA:8,0
DA:9,0
DA:11,0
DA:12,0
DA:13,0
DA:14,0
DA:18,0
DA:19,0
DA:20,0
DA:21,0
DA:22,0
DA:23,0
DA:24,0
DA:26,0
DA:27,0
DA:29,0
DA:35,0
DA:36,0
DA:37,0
DA:38,0
DA:41,0
DA:42,0
DA:44,0
DA:45,0
DA:46,0
DA:47,0
DA:50,0
DA:54,0
DA:55,0
DA:56,0
DA:58,0
DA:59,0
DA:61,0
DA:66,0
DA:67,0
DA:68,0
DA:70,0
DA:71,0
DA:72,0
DA:73,0
DA:75,0
DA:76,0
DA:80,0
DA:82,0
LF:46
LH:0
BRDA:8,0,0,0
BRDA:8,0,1,0
BRDA:12,1,0,0
BRDA:12,1,1,0
BRDA:14,2,0,0
BRDA:14,2,1,0
BRDA:20,3,0,0
BRDA:20,3,1,0
BRDA:20,4,0,0
BRDA:20,4,1,0
BRDA:31,5,0,0
BRDA:31,5,1,0
BRDA:36,6,0,0
BRDA:36,6,1,0
BRDA:36,7,0,0
BRDA:36,7,1,0
BRDA:36,7,2,0
BRDA:42,8,0,0
BRDA:42,8,1,0
BRDA:49,9,0,0
BRDA:49,9,1,0
BRDA:68,10,0,0
BRDA:68,10,1,0
BRDA:80,11,0,0
BRDA:80,11,1,0
BRDA:80,12,0,0
BRDA:80,12,1,0
BRDA:111,13,0,0
BRDA:111,13,1,0
BRDA:135,14,0,0
BRDA:135,14,1,0
BRF:31
BRH:0
end_of_record
TN:
SF:src\components\employer\dashboard\EmployerFooter.jsx
FN:3,(anonymous_0)
FNF:1
FNH:0
FNDA:0,(anonymous_0)
DA:3,0
DA:4,0
LF:2
LH:0
BRF:0
BRH:0
end_of_record
TN:
SF:src\components\employer\dashboard\JobListing.jsx
FN:18,(anonymous_0)
FN:23,(anonymous_1)
FN:27,(anonymous_2)
FN:28,(anonymous_3)
FN:33,(anonymous_4)
FN:39,(anonymous_5)
FN:44,(anonymous_6)
FN:46,(anonymous_7)
FN:55,(anonymous_8)
FNF:9
FNH:0
FNDA:0,(anonymous_0)
FNDA:0,(anonymous_1)
FNDA:0,(anonymous_2)
FNDA:0,(anonymous_3)
FNDA:0,(anonymous_4)
FNDA:0,(anonymous_5)
FNDA:0,(anonymous_6)
FNDA:0,(anonymous_7)
FNDA:0,(anonymous_8)
DA:18,0
DA:19,0
DA:20,0
DA:21,0
DA:23,0
DA:24,0
DA:26,0
DA:27,0
DA:28,0
DA:29,0
DA:30,0
DA:33,0
DA:37,0
DA:38,0
DA:39,0
DA:40,0
DA:41,0
DA:44,0
DA:46,0
DA:47,0
DA:48,0
DA:55,0
DA:56,0
DA:67,0
LF:24
LH:0
BRDA:24,0,0,0
BRDA:24,0,1,0
BRDA:40,1,0,0
BRDA:40,1,1,0
BRDA:41,2,0,0
BRDA:41,2,1,0
BRDA:49,3,0,0
BRDA:49,3,1,0
BRDA:49,3,2,0
BRDA:70,4,0,0
BRDA:70,4,1,0
BRF:11
BRH:0
end_of_record
TN:
SF:src\components\employer\dashboard\JobStatsGraph.jsx
FN:14,(anonymous_0)
FN:19,(anonymous_1)
FN:22,(anonymous_2)
FN:29,(anonymous_3)
FN:46,(anonymous_4)
FNF:5
FNH:0
FNDA:0,(anonymous_0)
FNDA:0,(anonymous_1)
FNDA:0,(anonymous_2)
FNDA:0,(anonymous_3)
FNDA:0,(anonymous_4)
DA:14,0
DA:15,0
DA:16,0
DA:17,0
DA:19,0
DA:20,0
DA:22,0
DA:23,0
DA:24,0
DA:25,0
DA:27,0
DA:29,0
DA:30,0
DA:31,0
DA:32,0
DA:34,0
DA:35,0
DA:42,0
DA:43,0
DA:46,0
DA:51,0
DA:53,0
DA:55,0
DA:59,0
DA:62,0
DA:64,0
LF:26
LH:0
BRDA:20,0,0,0
BRDA:20,0,1,0
BRDA:32,1,0,0
BRDA:32,1,1,0
BRDA:34,2,0,0
BRDA:34,2,1,0
BRDA:43,3,0,0
BRDA:43,3,1,0
BRDA:48,4,0,0
BRDA:48,4,1,0
BRDA:62,5,0,0
BRDA:62,5,1,0
BRF:12
BRH:0
end_of_record
TN:
SF:src\components\employer\dashboard\ManageJobs.jsx
FN:12,(anonymous_0)
FN:21,(anonymous_1)
FN:24,(anonymous_2)
FN:25,(anonymous_3)
FN:29,(anonymous_4)
FN:32,(anonymous_5)
FN:44,(anonymous_6)
FN:45,(anonymous_7)
FN:48,(anonymous_8)
FN:68,(anonymous_9)
FN:82,(anonymous_10)
FN:85,(anonymous_11)
FN:88,(anonymous_12)
FN:113,(anonymous_13)
FNF:14
FNH:0
FNDA:0,(anonymous_0)
FNDA:0,(anonymous_1)
FNDA:0,(anonymous_2)
FNDA:0,(anonymous_3)
FNDA:0,(anonymous_4)
FNDA:0,(anonymous_5)
FNDA:0,(anonymous_6)
FNDA:0,(anonymous_7)
FNDA:0,(anonymous_8)
FNDA:0,(anonymous_9)
FNDA:0,(anonymous_10)
FNDA:0,(anonymous_11)
FNDA:0,(anonymous_12)
FNDA:0,(anonymous_13)
DA:12,0
DA:13,0
DA:14,0
DA:15,0
DA:16,0
DA:17,0
DA:18,0
DA:19,0
DA:21,0
DA:22,0
DA:23,0
DA:24,0
DA:25,0
DA:26,0
DA:27,0
DA:29,0
DA:32,0
DA:33,0
DA:34,0
DA:35,0
DA:36,0
DA:37,0
DA:39,0
DA:40,0
DA:44,0
DA:45,0
DA:48,0
DA:49,0
DA:56,0
DA:69,0
DA:82,0
DA:85,0
DA:88,0
DA:114,0
DA:115,0
LF:35
LH:0
BRDA:22,0,0,0
BRDA:22,0,1,0
BRDA:34,1,0,0
BRDA:34,1,1,0
BRDA:45,2,0,0
BRDA:45,2,1,0
BRDA:50,3,0,0
BRDA:50,3,1,0
BRDA:50,3,2,0
BRDA:50,3,3,0
BRDA:50,3,4,0
BRDA:50,3,5,0
BRDA:62,4,0,0
BRDA:62,4,1,0
BRDA:64,5,0,0
BRDA:64,5,1,0
BRDA:72,6,0,0
BRDA:72,6,1,0
BRDA:89,7,0,0
BRDA:89,7,1,0
BRDA:93,8,0,0
BRDA:93,8,1,0
BRDA:95,9,0,0
BRDA:95,9,1,0
BRDA:96,10,0,0
BRDA:96,10,1,0
BRDA:97,11,0,0
BRDA:97,11,1,0
BRDA:100,12,0,0
BRDA:100,12,1,0
BRDA:109,13,0,0
BRDA:109,13,1,0
BRDA:109,13,2,0
BRF:33
BRH:0
end_of_record
TN:
SF:src\components\employer\dashboard\Messages.jsx
FN:24,(anonymous_0)
FN:28,(anonymous_1)
FN:46,(anonymous_2)
FN:55,(anonymous_3)
FN:58,(anonymous_4)
FNF:5
FNH:0
FNDA:0,(anonymous_0)
FNDA:0,(anonymous_1)
FNDA:0,(anonymous_2)
FNDA:0,(anonymous_3)
FNDA:0,(anonymous_4)
DA:7,0
DA:24,0
DA:25,0
DA:26,0
DA:28,0
DA:29,0
DA:32,0
DA:46,0
DA:56,0
DA:58,0
LF:10
LH:0
BRDA:52,0,0,0
BRDA:52,0,1,0
BRDA:61,1,0,0
BRDA:61,1,1,0
BRDA:69,2,0,0
BRDA:69,2,1,0
BRDA:71,3,0,0
[...]
BRDA:210,23,1,0
BRDA:212,24,0,0
BRDA:212,24,1,0
BRDA:217,25,0,0
BRDA:217,25,1,0
BRDA:222,26,0,0
BRDA:222,26,1,0
BRDA:225,27,0,0
BRDA:225,27,1,0
BRDA:225,27,2,0
BRDA:225,27,3,0
BRDA:225,27,4,0
BRDA:225,27,5,0
BRDA:252,28,0,0
BRDA:252,28,1,0
BRDA:261,29,0,0
BRDA:261,29,1,0
BRDA:261,29,2,0
BRDA:261,29,3,0
BRDA:261,29,4,0
BRDA:296,30,0,0
BRDA:296,30,1,0
BRDA:308,31,0,0
BRDA:308,31,1,0
BRDA:316,32,0,0
BRDA:316,32,1,0
BRDA:317,33,0,0
BRDA:317,33,1,0
BRDA:318,34,0,0
BRDA:318,34,1,0
BRDA:319,35,0,0
BRDA:319,35,1,0
BRDA:320,36,0,0
BRDA:320,36,1,0
BRDA:321,37,0,0
BRDA:321,37,1,0
BRDA:322,38,0,0
BRDA:322,38,1,0
BRDA:323,39,0,0
BRDA:323,39,1,0
BRDA:324,40,0,0
BRDA:324,40,1,0
BRDA:325,41,0,0
BRDA:325,41,1,0
BRDA:349,42,0,0
BRDA:349,42,1,0
BRDA:440,43,0,0
BRDA:440,43,1,0
BRDA:440,44,0,0
BRDA:440,44,1,0
BRDA:605,45,0,0
BRDA:605,45,1,0
BRDA:660,46,0,0
BRDA:660,46,1,0
BRDA:677,47,0,0
BRDA:677,47,1,0
BRDA:692,48,0,0
BRDA:692,48,1,0
BRDA:700,49,0,0
BRDA:700,49,1,0
BRDA:720,50,0,0
BRDA:720,50,1,0
BRDA:727,51,0,0
BRDA:727,51,1,0
BRDA:734,52,0,0
BRDA:734,52,1,0
BRDA:734,53,0,0
BRDA:734,53,1,0
BRDA:756,54,0,0
BRDA:756,54,1,0
BRF:117
BRH:0
end_of_record
TN:
SF:src\pages\admin\AdminLogs.jsx
FN:14,(anonymous_0)
FN:36,(anonymous_1)
FN:43,(anonymous_2)
FN:44,(anonymous_3)
FN:52,(anonymous_4)
FN:57,(anonymous_5)
FN:60,(anonymous_6)
FN:64,(anonymous_7)
FN:67,(anonymous_8)
FN:68,(anonymous_9)
FN:69,(anonymous_10)
FN:70,(anonymous_11)
FN:75,(anonymous_12)
FN:80,(anonymous_13)
FN:85,(anonymous_14)
FN:90,(anonymous_15)
FN:99,(anonymous_16)
FN:108,(anonymous_17)
FN:119,(anonymous_18)
FN:120,(anonymous_19)
FN:123,(anonymous_20)
FN:138,(anonymous_21)
FN:153,(anonymous_22)
FN:170,(anonymous_23)
FN:175,(anonymous_24)
FN:185,(anonymous_25)
FN:197,(anonymous_26)
FN:197,(anonymous_27)
FN:211,(anonymous_28)
FN:218,(anonymous_29)
FN:219,(anonymous_30)
FN:223,(anonymous_31)
FN:224,(anonymous_32)
FN:228,(anonymous_33)
FN:316,(anonymous_34)
FN:321,(anonymous_35)
FN:343,(anonymous_36)
FN:355,(anonymous_37)
FN:371,(anonymous_38)
FN:375,(anonymous_39)
FN:386,(anonymous_40)
FN:390,(anonymous_41)
FN:401,(anonymous_42)
FN:414,(anonymous_43)
FN:422,(anonymous_44)
FN:430,(anonymous_45)
FN:477,(anonymous_46)
FN:512,(anonymous_47)
FN:567,(anonymous_48)
FNF:49
FNH:0
FNDA:0,(anonymous_0)
FNDA:0,(anonymous_1)
FNDA:0,(anonymous_2)
FNDA:0,(anonymous_3)
FNDA:0,(anonymous_4)
FNDA:0,(anonymous_5)
FNDA:0,(anonymous_6)
FNDA:0,(anonymous_7)
FNDA:0,(anonymous_8)
FNDA:0,(anonymous_9)
FNDA:0,(anonymous_10)
FNDA:0,(anonymous_11)
FNDA:0,(anonymous_12)
FNDA:0,(anonymous_13)
FNDA:0,(anonymous_14)
FNDA:0,(anonymous_15)
FNDA:0,(anonymous_16)
FNDA:0,(anonymous_17)
FNDA:0,(anonymous_18)
FNDA:0,(anonymous_19)
FNDA:0,(anonymous_20)
FNDA:0,(anonymous_21)
FNDA:0,(anonymous_22)
FNDA:0,(anonymous_23)
FNDA:0,(anonymous_24)
FNDA:0,(anonymous_25)
FNDA:0,(anonymous_26)
FNDA:0,(anonymous_27)
FNDA:0,(anonymous_28)
FNDA:0,(anonymous_29)
FNDA:0,(anonymous_30)
FNDA:0,(anonymous_31)
FNDA:0,(anonymous_32)
FNDA:0,(anonymous_33)
FNDA:0,(anonymous_34)
FNDA:0,(anonymous_35)
FNDA:0,(anonymous_36)
FNDA:0,(anonymous_37)
FNDA:0,(anonymous_38)
FNDA:0,(anonymous_39)
FNDA:0,(anonymous_40)
FNDA:0,(anonymous_41)
FNDA:0,(anonymous_42)
FNDA:0,(anonymous_43)
FNDA:0,(anonymous_44)
FNDA:0,(anonymous_45)
FNDA:0,(anonymous_46)
FNDA:0,(anonymous_47)
FNDA:0,(anonymous_48)
DA:14,0
DA:15,0
DA:16,0
DA:17,0
DA:18,0
DA:25,0
DA:32,0
DA:33,0
DA:34,0
DA:36,0
DA:37,0
DA:43,0
DA:44,0
DA:49,0
DA:50,0
DA:51,0
DA:53,0
DA:54,0
DA:57,0
DA:60,0
DA:61,0
DA:64,0
DA:65,0
DA:67,0
DA:68,0
DA:69,0
DA:70,0
DA:72,0
DA:75,0
DA:76,0
DA:79,0
DA:80,0
DA:84,0
DA:85,0
DA:89,0
DA:90,0
DA:94,0
DA:95,0
DA:96,0
DA:97,0
DA:99,0
DA:100,0
DA:101,0
DA:106,0
DA:107,0
DA:108,0
DA:109,0
DA:116,0
DA:119,0
DA:120,0
DA:123,0
DA:124,0
DA:126,0
DA:128,0
DA:130,0
DA:132,0
DA:134,0
DA:138,0
DA:139,0
DA:141,0
DA:143,0
DA:145,0
DA:147,0
DA:149,0
DA:153,0
DA:154,0
DA:156,0
DA:158,0
DA:160,0
DA:162,0
DA:164,0
DA:166,0
DA:170,0
DA:171,0
DA:172,0
DA:175,0
DA:176,0
DA:177,0
DA:178,0
DA:181,0
DA:185,0
DA:195,0
DA:197,0
DA:200,0
DA:201,0
DA:202,0
DA:203,0
DA:204,0
DA:205,0
DA:206,0
DA:207,0
DA:208,0
DA:211,0
DA:212,0
DA:214,0
DA:218,0
DA:219,0
DA:220,0
DA:223,0
DA:224,0
DA:225,0
DA:228,0
DA:229,0
DA:316,0
DA:317,0
DA:321,0
DA:343,0
DA:355,0
DA:371,0
DA:376,0
DA:386,0
DA:391,0
DA:401,0
DA:414,0
DA:415,0
DA:422,0
DA:430,0
DA:460,0
DA:477,0
DA:513,0
DA:569,0
LF:121
LH:0
BRDA:47,0,0,0
BRDA:47,0,1,0
BRDA:79,1,0,0
BRDA:79,1,1,0
BRDA:84,2,0,0
BRDA:84,2,1,0
BRDA:89,3,0,0
BRDA:89,3,1,0
BRDA:94,4,0,0
BRDA:94,4,1,0
BRDA:100,5,0,0
BRDA:100,5,1,0
BRDA:106,6,0,0
BRDA:106,6,1,0
BRDA:109,7,0,0
BRDA:109,7,1,0
BRDA:109,7,2,0
BRDA:109,7,3,0
BRDA:124,8,0,0
BRDA:124,8,1,0
BRDA:124,8,2,0
BRDA:124,8,3,0
BRDA:124,8,4,0
BRDA:139,9,0,0
BRDA:139,9,1,0
BRDA:139,9,2,0
BRDA:139,9,3,0
BRDA:139,9,4,0
BRDA:154,10,0,0
BRDA:154,10,1,0
BRDA:154,10,2,0
BRDA:154,10,3,0
BRDA:154,10,4,0
BRDA:154,10,5,0
BRDA:171,11,0,0
BRDA:171,11,1,0
BRDA:176,12,0,0
BRDA:176,12,1,0
BRDA:187,13,0,0
BRDA:187,13,1,0
BRDA:188,14,0,0
BRDA:188,14,1,0
BRDA:189,15,0,0
BRDA:189,15,1,0
BRDA:190,16,0,0
BRDA:190,16,1,0
BRDA:191,17,0,0
BRDA:191,17,1,0
BRDA:192,18,0,0
BRDA:192,18,1,0
BRDA:212,19,0,0
BRDA:212,19,1,0
BRDA:497,20,0,0
BRDA:497,20,1,0
BRDA:504,21,0,0
BRDA:504,21,1,0
BRDA:540,22,0,0
BRDA:540,22,1,0
BRDA:546,23,0,0
BRDA:546,23,1,0
BRDA:552,24,0,0
BRDA:552,24,1,0
BRDA:552,24,2,0
BRF:63
BRH:0
end_of_record
TN:
SF:src\pages\admin\AdminMonitoring.jsx
FN:8,(anonymous_0)
FN:13,(anonymous_1)
FN:14,(anonymous_2)
FN:19,(anonymous_3)
FNF:4
FNH:0
FNDA:0,(anonymous_0)
FNDA:0,(anonymous_1)
FNDA:0,(anonymous_2)
FNDA:0,(anonymous_3)
DA:8,0
DA:9,0
DA:10,0
DA:11,0
DA:13,0
DA:14,0
DA:15,0
DA:16,0
DA:18,0
DA:19,0
DA:21,0
DA:22,0
DA:24,0
DA:26,0
DA:29,0
DA:32,0
DA:33,0
DA:43,0
DA:45,0
LF:19
LH:0
BRDA:16,0,0,0
BRDA:16,0,1,0
BRDA:21,1,0,0
BRDA:21,1,1,0
BRDA:32,2,0,0
BRDA:32,2,1,0
BRDA:43,3,0,0
BRDA:43,3,1,0
BRF:8
BRH:0
end_of_record
TN:
SF:src\pages\admin\AdminNotifications.jsx
FN:8,(anonymous_0)
FN:13,(anonymous_1)
FN:14,(anonymous_2)
FN:19,(anonymous_3)
FNF:4
FNH:0
FNDA:0,(anonymous_0)
FNDA:0,(anonymous_1)
FNDA:0,(anonymous_2)
FNDA:0,(anonymous_3)
DA:8,0
DA:9,0
DA:10,0
DA:11,0
DA:13,0
DA:14,0
DA:15,0
DA:16,0
DA:18,0
DA:19,0
DA:21,0
DA:22,0
DA:24,0
DA:26,0
DA:29,0
DA:32,0
DA:33,0
DA:43,0
DA:45,0
LF:19
LH:0
BRDA:16,0,0,0
BRDA:16,0,1,0
BRDA:21,1,0,0
BRDA:21,1,1,0
BRDA:32,2,0,0
BRDA:32,2,1,0
BRDA:43,3,0,0
BRDA:43,3,1,0
BRF:8
BRH:0
end_of_record
TN:
SF:src\pages\admin\AdminProfile.jsx
FN:3,(anonymous_0)
FNF:1
FNH:0
FNDA:0,(anonymous_0)
DA:3,0
DA:4,0
LF:2
LH:0
BRF:0
BRH:0
end_of_record
TN:
SF:src\pages\admin\AdminReports.jsx
FN:10,(anonymous_0)
FN:71,(anonymous_1)
FN:84,(anonymous_2)
FN:93,(anonymous_3)
FN:97,(anonymous_4)
FN:112,(anonymous_5)
FN:163,(anonymous_6)
FN:168,(anonymous_7)
FNF:8
FNH:0
FNDA:0,(anonymous_0)
FNDA:0,(anonymous_1)
FNDA:0,(anonymous_2)
FNDA:0,(anonymous_3)
FNDA:0,(anonymous_4)
FNDA:0,(anonymous_5)
FNDA:0,(anonymous_6)
FNDA:0,(anonymous_7)
DA:10,0
DA:11,0
DA:12,0
DA:14,0
DA:38,0
DA:71,0
DA:72,0
DA:74,0
DA:76,0
DA:84,0
DA:94,0
DA:97,0
DA:104,0
DA:136,0
DA:140,0
DA:164,0
DA:165,0
DA:168,0
LF:18
LH:0
BRDA:72,0,0,0
BRDA:72,0,1,0
BRDA:72,0,2,0
BRDA:72,0,3,0
BRDA:170,1,0,0
BRDA:170,1,1,0
BRDA:197,2,0,0
BRDA:197,2,1,0
BRF:8
BRH:0
end_of_record
TN:
SF:src\pages\admin\AdminSettings.jsx
FN:13,(anonymous_0)
FN:33,(anonymous_1)
FN:34,(anonymous_2)
FN:88,(anonymous_3)
FN:93,(anonymous_4)
FN:105,(anonymous_5)
FN:105,(anonymous_6)
FN:107,(anonymous_7)
FN:111,(anonymous_8)
FN:121,(anonymous_9)
FN:125,(anonymous_10)
FN:135,(anonymous_11)
FN:145,(anonymous_12)
FN:149,(anonymous_13)
FN:165,(anonymous_14)
FN:172,(anonymous_15)
FN:181,(anonymous_16)
FN:199,(anonymous_17)
FN:222,(anonymous_18)
FN:243,(anonymous_19)
FN:254,(anonymous_20)
FN:266,(anonymous_21)
FN:346,(anonymous_22)
FN:402,(anonymous_23)
FN:450,(anonymous_24)
FN:497,(anonymous_25)
FN:539,(anonymous_26)
FN:631,(anonymous_27)
FN:643,(anonymous_28)
FN:648,(anonymous_29)
FNF:30
FNH:0
FNDA:0,(anonymous_0)
FNDA:0,(anonymous_1)
FNDA:0,(anonymous_2)
FNDA:0,(anonymous_3)
FNDA:0,(anonymous_4)
FNDA:0,(anonymous_5)
FNDA:0,(anonymous_6)
FNDA:0,(anonymous_7)
FNDA:0,(anonymous_8)
FNDA:0,(anonymous_9)
FNDA:0,(anonymous_10)
FNDA:0,(anonymous_11)
FNDA:0,(anonymous_12)
FNDA:0,(anonymous_13)
FNDA:0,(anonymous_14)
FNDA:0,(anonymous_15)
FNDA:0,(anonymous_16)
FNDA:0,(anonymous_17)
FNDA:0,(anonymous_18)
FNDA:0,(anonymous_19)
FNDA:0,(anonymous_20)
FNDA:0,(anonymous_21)
FNDA:0,(anonymous_22)
FNDA:0,(anonymous_23)
FNDA:0,(anonymous_24)
FNDA:0,(anonymous_25)
FNDA:0,(anonymous_26)
FNDA:0,(anonymous_27)
FNDA:0,(anonymous_28)
FNDA:0,(anonymous_29)
DA:13,0
DA:14,0
DA:15,0
DA:16,0
DA:17,0
DA:18,0
DA:19,0
DA:20,0
DA:22,0
DA:24,0
DA:33,0
DA:34,0
DA:35,0
DA:36,0
DA:37,0
DA:38,0
DA:39,0
DA:40,0
DA:41,0
DA:42,0
DA:46,0
DA:76,0
DA:79,0
DA:80,0
DA:82,0
DA:85,0
DA:88,0
DA:89,0
DA:90,0
DA:91,0
DA:92,0
DA:93,0
DA:95,0
DA:96,0
DA:97,0
DA:99,0
DA:103,0
DA:105,0
DA:106,0
DA:107,0
DA:108,0
DA:111,0
DA:112,0
DA:113,0
DA:115,0
DA:116,0
DA:117,0
DA:121,0
DA:122,0
DA:125,0
DA:126,0
DA:127,0
DA:128,0
DA:129,0
DA:131,0
DA:135,0
DA:136,0
DA:137,0
DA:138,0
DA:139,0
DA:140,0
DA:141,0
DA:142,0
DA:145,0
DA:146,0
DA:147,0
DA:148,0
DA:149,0
DA:150,0
DA:151,0
DA:153,0
DA:154,0
DA:156,0
DA:158,0
DA:161,0
DA:165,0
DA:166,0
DA:168,0
DA:172,0
DA:173,0
DA:181,0
DA:199,0
DA:200,0
DA:222,0
DA:223,0
DA:243,0
DA:244,0
DA:255,0
DA:266,0
DA:267,0
DA:346,0
DA:347,0
DA:402,0
DA:403,0
DA:450,0
DA:451,0
DA:497,0
DA:498,0
DA:539,0
DA:540,0
DA:603,0
DA:604,0
DA:614,0
DA:631,0
DA:644,0
DA:645,0
DA:648,0
LF:107
LH:0
BRDA:37,0,0,0
BRDA:37,0,1,0
BRDA:40,1,0,0
BRDA:40,1,1,0
BRDA:115,2,0,0
BRDA:115,2,1,0
BRDA:115,3,0,0
BRDA:115,3,1,0
BRDA:115,3,2,0
BRDA:126,4,0,0
BRDA:126,4,1,0
BRDA:147,5,0,0
BRDA:147,5,1,0
BRDA:166,6,0,0
BRDA:166,6,1,0
BRDA:176,7,0,0
BRDA:176,7,1,0
BRDA:184,8,0,0
BRDA:184,8,1,0
BRDA:189,9,0,0
BRDA:189,9,1,0
BRDA:192,10,0,0
BRDA:192,10,1,0
BRDA:199,11,0,0
BRDA:205,12,0,0
BRDA:205,12,1,0
BRDA:208,13,0,0
BRDA:208,13,1,0
BRDA:212,14,0,0
BRDA:212,14,1,0
BRDA:216,15,0,0
BRDA:216,15,1,0
BRDA:230,16,0,0
BRDA:230,16,1,0
BRDA:233,17,0,0
BRDA:233,17,1,0
BRDA:237,18,0,0
BRDA:237,18,1,0
BRDA:247,19,0,0
BRDA:247,19,1,0
BRDA:250,20,0,0
BRDA:250,20,1,0
BRDA:260,21,0,0
BRDA:260,21,1,0
BRDA:318,22,0,0
BRDA:318,22,1,0
BRDA:486,23,0,0
BRDA:486,23,1,0
BRDA:490,24,0,0
BRDA:490,24,1,0
BRDA:603,25,0,0
BRDA:603,25,1,0
BRDA:650,26,0,0
BRDA:650,26,1,0
BRDA:672,27,0,0
BRDA:672,27,1,0
BRDA:673,28,0,0
BRDA:673,28,1,0
BRDA:674,29,0,0
BRDA:674,29,1,0
BRDA:675,30,0,0
BRDA:675,30,1,0
BRDA:676,31,0,0
BRDA:676,31,1,0
BRDA:677,32,0,0
BRDA:677,32,1,0
BRDA:681,33,0,0
BRDA:681,33,1,0
BRF:68
BRH:0
end_of_record
TN:
SF:src\pages\admin\AdminUsers.jsx
FN:11,(anonymous_0)
FN:20,(anonymous_1)
FN:21,(anonymous_2)
FN:26,(anonymous_3)
FN:38,(anonymous_4)
FN:39,(anonymous_5)
FN:43,(anonymous_6)
FN:51,(anonymous_7)
FN:55,(anonymous_8)
FN:59,(anonymous_9)
FN:94,(anonymous_10)
FN:97,(anonymous_11)
FN:104,(anonymous_12)
FN:109,(anonymous_13)
FNF:14
FNH:0
FNDA:0,(anonymous_0)
FNDA:0,(anonymous_1)
FNDA:0,(anonymous_2)
FNDA:0,(anonymous_3)
FNDA:0,(anonymous_4)
FNDA:0,(anonymous_5)
FNDA:0,(anonymous_6)
FNDA:0,(anonymous_7)
FNDA:0,(anonymous_8)
FNDA:0,(anonymous_9)
FNDA:0,(anonymous_10)
FNDA:0,(anonymous_11)
FNDA:0,(anonymous_12)
FNDA:0,(anonymous_13)
DA:11,0
DA:12,0
DA:13,0
DA:14,0
DA:15,0
DA:16,0
DA:17,0
DA:18,0
DA:20,0
DA:21,0
DA:22,0
DA:23,0
DA:25,0
DA:26,0
DA:28,0
DA:29,0
DA:31,0
DA:35,0
DA:38,0
DA:39,0
DA:40,0
DA:41,0
DA:43,0
DA:44,0
DA:45,0
DA:48,0
DA:51,0
DA:52,0
DA:53,0
DA:55,0
DA:59,0
DA:60,0
DA:61,0
DA:62,0
DA:64,0
DA:73,0
DA:75,0
DA:76,0
DA:80,0
DA:83,0
DA:84,0
DA:88,0
DA:95,0
DA:97,0
DA:104,0
DA:109,0
LF:46
LH:0
BRDA:23,0,0,0
BRDA:23,0,1,0
BRDA:28,1,0,0
BRDA:28,1,1,0
BRDA:52,2,0,0
BRDA:52,2,1,0
BRDA:67,3,0,0
BRDA:67,3,1,0
BRDA:80,4,0,0
BRDA:80,4,1,0
BRDA:83,5,0,0
BRDA:83,5,1,0
BRDA:99,6,0,0
BRDA:99,6,1,0
BRDA:102,7,0,0
BRDA:102,7,1,0
BRDA:117,8,0,0
BRDA:117,8,1,0
BRF:18
BRH:0
end_of_record
TN:
SF:src\pages\admin\RecentActivityFeed.jsx
FN:55,(anonymous_0)
FN:86,(anonymous_1)
FN:90,(anonymous_2)
FN:93,(anonymous_3)
FN:107,(anonymous_4)
FN:115,(anonymous_5)
FN:126,(anonymous_6)
FN:127,(anonymous_7)
FN:134,(anonymous_8)
FN:139,(anonymous_9)
FN:143,(anonymous_10)
FN:153,(anonymous_11)
FN:159,(anonymous_12)
FN:160,(anonymous_13)
FN:191,(anonymous_14)
FN:207,(anonymous_15)
FN:231,(anonymous_16)
FN:234,(anonymous_17)
FN:276,(anonymous_18)
FNF:19
FNH:12
FNDA:14,(anonymous_0)
FNDA:4,(anonymous_1)
FNDA:20,(anonymous_2)
FNDA:16,(anonymous_3)
FNDA:10,(anonymous_4)
FNDA:6,(anonymous_5)
FNDA:3,(anonymous_6)
FNDA:4,(anonymous_7)
FNDA:1,(anonymous_8)
FNDA:6,(anonymous_9)
FNDA:4,(anonymous_10)
FNDA:0,(anonymous_11)
FNDA:0,(anonymous_12)
FNDA:0,(anonymous_13)
FNDA:0,(anonymous_14)
FNDA:0,(anonymous_15)
FNDA:0,(anonymous_16)
FNDA:0,(anonymous_17)
FNDA:4,(anonymous_18)
DA:27,1
DA:42,1
DA:55,1
DA:56,14
DA:58,14
DA:59,14
DA:60,14
DA:61,14
DA:62,14
DA:63,14
DA:64,14
DA:66,14
DA:67,4
DA:68,2
DA:69,0
DA:71,0
DA:72,0
DA:86,1
DA:87,4
DA:88,4
DA:90,20
DA:91,0
DA:93,16
DA:94,0
DA:96,4
DA:97,0
DA:99,4
DA:107,1
DA:108,10
DA:109,10
DA:110,10
DA:111,10
DA:112,10
DA:113,10
DA:115,10
DA:120,6
DA:126,6
DA:127,4
DA:132,3
DA:133,3
DA:135,1
DA:136,1
DA:139,6
DA:143,10
DA:144,4
DA:145,4
DA:150,4
DA:153,10
DA:154,0
DA:155,0
DA:159,10
DA:160,0
DA:163,10
DA:191,0
DA:207,0
DA:232,0
DA:234,0
DA:277,4
DA:278,4
DA:279,4
DA:281,4
LF:61
LH:48
BRDA:56,0,0,0
BRDA:56,0,1,14
BRDA:66,1,0,10
BRDA:66,1,1,4
BRDA:67,2,0,2
BRDA:67,2,1,2
BRDA:68,3,0,2
BRDA:68,3,1,0
BRDA:69,4,0,0
BRDA:69,4,1,0
BRDA:75,5,0,0
BRDA:75,5,1,0
BRDA:90,6,0,0
BRDA:90,6,1,4
BRDA:93,7,0,0
BRDA:93,7,1,4
BRDA:96,8,0,0
BRDA:96,8,1,4
BRDA:96,9,0,4
BRDA:96,9,1,4
BRDA:144,10,0,4
BRDA:144,10,1,0
BRDA:145,11,0,4
BRDA:145,11,1,0
BRDA:145,11,2,0
BRDA:145,11,3,0
BRDA:150,12,0,4
BRDA:150,12,1,4
BRDA:160,13,0,0
BRDA:160,13,1,0
BRDA:188,14,0,6
BRDA:188,14,1,4
BRDA:215,15,0,10
BRDA:215,15,1,0
BRDA:236,16,0,0
BRDA:236,16,1,0
BRDA:256,17,0,6
BRDA:256,17,1,4
BRDA:263,18,0,2
BRDA:263,18,1,2
BRDA:270,19,0,0
BRDA:270,19,1,2
BRDA:277,20,0,4
BRDA:277,20,1,0
BRDA:279,21,0,4
BRDA:279,21,1,0
BRDA:298,22,0,4
BRDA:298,22,1,0
BRDA:300,23,0,4
BRDA:300,23,1,4
BRDA:305,24,0,4
BRDA:305,24,1,0
BRDA:315,25,0,4
BRDA:315,25,1,4
BRDA:321,26,0,4
BRDA:321,26,1,4
BRDA:321,26,2,0
BRDA:323,27,0,0
BRDA:323,27,1,0
BRDA:324,28,0,0
BRDA:324,28,1,0
BRF:61
BRH:33
end_of_record
TN:
SF:src\routes\AdminRoute.jsx
FN:7,(anonymous_0)
FN:11,(anonymous_1)
FN:12,(anonymous_2)
FN:29,(anonymous_3)
FNF:4
FNH:0
FNDA:0,(anonymous_0)
FNDA:0,(anonymous_1)
FNDA:0,(anonymous_2)
FNDA:0,(anonymous_3)
DA:7,0
DA:8,0
DA:9,0
DA:11,0
DA:12,0
DA:13,0
DA:14,0
DA:15,0
DA:16,0
DA:18,0
DA:19,0
DA:22,0
DA:26,0
DA:29,0
DA:32,0
DA:33,0
DA:35,0
LF:17
LH:0
BRDA:13,0,0,0
BRDA:13,0,1,0
BRDA:18,1,0,0
BRDA:18,1,1,0
BRDA:18,2,0,0
BRDA:18,2,1,0
BRDA:32,3,0,0
BRDA:32,3,1,0
BRDA:33,4,0,0
BRDA:33,4,1,0
BRF:10
BRH:0
end_of_record
TN:
SF:src\routes\AdminRoutes.jsx
FN:19,(anonymous_0)
FNF:1
FNH:0
FNDA:0,(anonymous_0)
DA:19,0
DA:20,0
LF:2
LH:0
BRF:0
BRH:0
end_of_record
TN:
SF:src\routes\EmployerRoutes.jsx
FN:3,(anonymous_0)
FNF:1
FNH:0
FNDA:0,(anonymous_0)
DA:3,0
DA:4,0
LF:2
LH:0
BRF:0
BRH:0
end_of_record
TN:
SF:src\routes\ProtectedRoute.jsx
FN:3,(anonymous_0)
FNF:1
FNH:0
FNDA:0,(anonymous_0)
DA:3,0
DA:4,0
LF:2
LH:0
BRF:0
BRH:0
end_of_record
TN:
SF:src\routes\RoleBasedRoute.jsx
FN:7,(anonymous_0)
FN:10,(anonymous_1)
FN:11,(anonymous_2)
FNF:3
FNH:0
FNDA:0,(anonymous_0)
FNDA:0,(anonymous_1)
FNDA:0,(anonymous_2)
DA:7,0
DA:8,0
DA:10,0
DA:11,0
DA:12,0
DA:13,0
DA:15,0
DA:16,0
DA:18,0
DA:19,0
DA:20,0
DA:21,0
DA:22,0
DA:26,0
DA:29,0
LF:15
LH:0
BRDA:13,0,0,0
BRDA:13,0,1,0
BRDA:18,1,0,0
BRDA:18,1,1,0
BRDA:20,2,0,0
BRDA:20,2,1,0
BRDA:21,3,0,0
BRDA:21,3,1,0
BRF:8
BRH:0
end_of_record
TN:
SF:src\routes\SeekerRoutes.jsx
FNF:0
FNH:0
LF:0
LH:0
BRF:0
BRH:0
end_of_record
TN:
SF:src\services\analytics.js
FN:14,(anonymous_0)
FN:23,(anonymous_1)
FN:35,(anonymous_2)
FN:43,(anonymous_3)
FN:52,(anonymous_4)
FN:61,(anonymous_5)
FN:69,(anonymous_6)
FNF:7
FNH:0
FNDA:0,(anonymous_0)
FNDA:0,(anonymous_1)
FNDA:0,(anonymous_2)
FNDA:0,(anonymous_3)
FNDA:0,(anonymous_4)
FNDA:0,(anonymous_5)
FNDA:0,(anonymous_6)
DA:5,0
DA:14,0
DA:15,0
DA:23,0
DA:24,0
DA:25,0
DA:27,0
DA:35,0
DA:36,0
DA:43,0
DA:44,0
DA:52,0
DA:53,0
DA:61,0
DA:62,0
DA:69,0
DA:70,0
LF:17
LH:0
BRDA:23,0,0,0
BRDA:35,1,0,0
BRF:2
BRH:0
end_of_record
TN:
SF:src\services\performance.js
FN:5,(anonymous_0)
FN:12,(anonymous_1)
FN:25,(anonymous_2)
FN:51,(anonymous_3)
FN:56,(anonymous_4)
FN:57,(anonymous_5)
FN:72,(anonymous_6)
FN:81,(anonymous_7)
FN:83,(anonymous_8)
FN:95,(anonymous_9)
FN:97,(anonymous_10)
FN:102,(anonymous_11)
FN:104,(anonymous_12)
FN:108,(anonymous_13)
FN:110,(anonymous_14)
FN:114,(anonymous_15)
FN:119,(anonymous_16)
FN:120,(anonymous_17)
FNF:18
FNH:0
FNDA:0,(anonymous_0)
FNDA:0,(anonymous_1)
FNDA:0,(anonymous_2)
FNDA:0,(anonymous_3)
FNDA:0,(anonymous_4)
FNDA:0,(anonymous_5)
FNDA:0,(anonymous_6)
FNDA:0,(anonymous_7)
FNDA:0,(anonymous_8)
FNDA:0,(anonymous_9)
FNDA:0,(anonymous_10)
FNDA:0,(anonymous_11)
FNDA:0,(anonymous_12)
FNDA:0,(anonymous_13)
FNDA:0,(anonymous_14)
FNDA:0,(anonymous_15)
FNDA:0,(anonymous_16)
FNDA:0,(anonymous_17)
DA:6,0
DA:7,0
DA:8,0
DA:13,0
DA:14,0
DA:15,0
DA:18,0
DA:26,0
DA:27,0
DA:28,0
DA:29,0
DA:32,0
DA:33,0
DA:35,0
DA:41,0
DA:47,0
DA:52,0
DA:53,0
DA:56,0
DA:57,0
DA:58,0
DA:59,0
DA:64,0
DA:65,0
DA:66,0
DA:67,0
DA:73,0
DA:74,0
DA:75,0
DA:76,0
DA:82,0
DA:83,0
DA:84,0
DA:91,0
DA:96,0
DA:97,0
DA:98,0
DA:103,0
DA:104,0
DA:109,0
DA:110,0
DA:115,0
DA:120,0
DA:121,0
DA:125,0
LF:45
LH:0
BRDA:13,0,0,0
BRDA:13,0,1,0
BRDA:27,1,0,0
BRDA:27,1,1,0
BRDA:52,2,0,0
BRDA:52,2,1,0
BRDA:58,3,0,0
BRDA:58,3,1,0
BRDA:65,4,0,0
BRDA:65,4,1,0
BRDA:74,5,0,0
BRDA:74,5,1,0
BRDA:96,6,0,0
BRDA:96,6,1,0
BRDA:103,7,0,0
BRDA:103,7,1,0
BRDA:109,8,0,0
BRDA:109,8,1,0
BRF:18
BRH:0
end_of_record
TN:
SF:src\test\FirebaseTest.jsx
FN:7,(anonymous_0)
FN:8,(anonymous_1)
FN:9,(anonymous_2)
FNF:3
FNH:0
FNDA:0,(anonymous_0)
FNDA:0,(anonymous_1)
FNDA:0,(anonymous_2)
DA:7,0
DA:8,0
DA:9,0
DA:10,0
DA:11,0
DA:13,0
DA:17,0
DA:18,0
DA:20,0
DA:25,0
LF:10
LH:0
BRDA:10,0,0,0
BRDA:10,0,1,0
BRF:2
BRH:0
end_of_record
TN:
SF:src\test\setupTests.js
FN:12,(anonymous_0)
FN:26,(anonymous_1)
FN:27,(anonymous_2)
FN:28,(anonymous_3)
FN:29,(anonymous_4)
FNF:5
FNH:0
FNDA:0,(anonymous_0)
FNDA:0,(anonymous_1)
FNDA:0,(anonymous_2)
FNDA:0,(anonymous_3)
FNDA:0,(anonymous_4)
DA:5,0
DA:10,0
DA:12,0
DA:25,0
DA:27,0
DA:28,0
DA:29,0
LF:7
LH:0
BRF:0
BRH:0
end_of_record
TN:
SF:src\utils\FixOldReports.jsx
FN:5,(anonymous_0)
FN:8,(anonymous_1)
FN:9,(anonymous_2)
FNF:3
FNH:0
FNDA:0,(anonymous_0)
FNDA:0,(anonymous_1)
FNDA:0,(anonymous_2)
DA:5,0
DA:6,0
DA:8,0
DA:9,0
DA:10,0
DA:11,0
DA:12,0
DA:13,0
DA:15,0
DA:16,0
DA:17,0
DA:20,0
DA:21,0
DA:22,0
DA:23,0
DA:26,0
DA:27,0
DA:31,0
DA:32,0
DA:34,0
DA:35,0
DA:39,0
DA:42,0
LF:23
LH:0
BRDA:20,0,0,0
BRDA:20,0,1,0
BRDA:21,1,0,0
BRDA:21,1,1,0
BRDA:22,2,0,0
BRDA:22,2,1,0
BRDA:23,3,0,0
BRDA:23,3,1,0
BRDA:26,4,0,0
BRDA:26,4,1,0
BRF:10
BRH:0
end_of_record
TN:
SF:src\utils\adminHelpers.js
FN:3,(anonymous_0)
FNF:1
FNH:0
FNDA:0,(anonymous_0)
DA:3,0
DA:4,0
LF:2
LH:0
BRF:0
BRH:0
end_of_record
TN:
SF:src\utils\auth.js
FNF:0
FNH:0
LF:0
LH:0
BRF:0
BRH:0
end_of_record
TN:
SF:src\utils\constants.js
FN:3,(anonymous_0)
FNF:1
FNH:0
FNDA:0,(anonymous_0)
DA:3,0
DA:4,0
LF:2
LH:0
BRF:0
BRH:0
end_of_record
TN:
SF:src\utils\formartDate.js
FN:3,(anonymous_0)
FNF:1
FNH:0
FNDA:0,(anonymous_0)
DA:3,0
DA:4,0
LF:2
LH:0
BRF:0
BRH:0
end_of_record
TN:
SF:src\utils\getRedirectPathForUser.js
FN:4,(anonymous_0)
FNF:1
FNH:0
FNDA:0,(anonymous_0)
DA:4,0
DA:5,0
DA:6,0
DA:7,0
DA:10,0
DA:11,0
DA:12,0
DA:14,0
DA:15,0
DA:16,0
DA:19,0
DA:20,0
DA:22,0
DA:23,0
DA:24,0
DA:25,0
DA:27,0
DA:30,0
DA:31,0
DA:34,0
DA:35,0
DA:37,0
DA:38,0
LF:23
LH:0
BRDA:5,0,0,0
BRDA:5,0,1,0
BRDA:5,1,0,0
BRDA:5,1,1,0
BRDA:14,2,0,0
BRDA:14,2,1,0
BRDA:22,3,0,0
BRDA:22,3,1,0
BRDA:25,4,0,0
BRDA:25,4,1,0
BRDA:27,5,0,0
BRDA:27,5,1,0
BRDA:30,6,0,0
BRDA:30,6,1,0
BRF:14
BRH:0
end_of_record
TN:
SF:src\utils\helpers.js
FNF:0
FNH:0
LF:0
LH:0
BRF:0
BRH:0
end_of_record
